2025-03-20 20:24:21.693 [warning] Dir "/home/akshaycanodia/.pixi/envs" is not watchable (directory does not exist)
2025-03-20 20:24:21.693 [info] Starting Environment refresh
2025-03-20 20:24:21.693 [info] Searching for interpreters in posix paths locator
2025-03-20 20:24:21.693 [info] Searching for pyenv environments
2025-03-20 20:24:21.693 [info] Searching for conda environments
2025-03-20 20:24:21.693 [info] Searching for global virtual environments
2025-03-20 20:24:21.693 [info] Searching for custom virtual environments
2025-03-20 20:24:21.693 [info] pyenv is not installed
2025-03-20 20:24:21.693 [info] Finished searching for pyenv environments: 21 milliseconds
2025-03-20 20:24:21.693 [info] Finished searching for custom virtual envs: 19 milliseconds
2025-03-20 20:24:21.693 [info] > conda info --json
2025-03-20 20:24:21.693 [info] > hatch env show --json
2025-03-20 20:24:21.693 [info] cwd: .
2025-03-20 20:24:21.693 [info] > pyenv which python
2025-03-20 20:24:21.693 [info] cwd: .
2025-03-20 20:24:21.693 [info] Finished searching for global virtual envs: 69 milliseconds
2025-03-20 20:24:21.695 [info] Found: /bin/python --> /bin/python3.12
2025-03-20 20:24:21.697 [info] Found: /bin/python3 --> /bin/python3.12
2025-03-20 20:24:21.699 [info] Found: /bin/python3.12 --> /bin/python3.12
2025-03-20 20:24:21.726 [info] Found: /usr/bin/python --> /usr/bin/python3.12
2025-03-20 20:24:21.727 [info] Found: /usr/bin/python3 --> /usr/bin/python3.12
2025-03-20 20:24:21.727 [info] Found: /usr/bin/python3.12 --> /usr/bin/python3.12
2025-03-20 20:24:21.841 [info] Finished searching for interpreters in posix paths locator: 229 milliseconds
2025-03-20 20:24:21.841 [info] > /bin/python -I /google/devshell/editor/code-oss-for-cloud-shell/extensions/ms-python.python/python_files/get_output_via_markers.py /google/devshell/editor/code-oss-for-cloud-shell/extensions/ms-python.python/python_files/interpreterInfo.py
2025-03-20 20:24:21.869 [info] > /usr/bin/python -I /google/devshell/editor/code-oss-for-cloud-shell/extensions/ms-python.python/python_files/get_output_via_markers.py /google/devshell/editor/code-oss-for-cloud-shell/extensions/ms-python.python/python_files/interpreterInfo.py
2025-03-20 20:24:21.869 [info] Environments refresh paths discovered (event): 270 milliseconds
2025-03-20 20:24:21.869 [info] Environments refresh paths discovered: 270 milliseconds
2025-03-20 20:24:21.977 [info] Environments refresh finished (event): 377 milliseconds
2025-03-20 20:24:21.992 [info] Environment refresh took 392 milliseconds
2025-03-20 20:24:22.057 [info] Python interpreter path: /bin/python
2025-03-20 20:24:24.058 [info] Starting Jedi language server for akshaycanodia.
2025-03-20 20:25:23.396 [info] Discover tests for workspace name: akshaycanodia - uri: /home/akshaycanodia/aidemy-bootstrap/planner/book.py
2025-03-20 20:26:36.928 [info] Discover tests for workspace name: undefined - uri: /User/settings.json
