Initializing document watcher...
Document watcher initialized
akshaycanodia/README.md: {}
akshaycanodia/README.md: Using EditorConfig core...
akshaycanodia/README.md: {}
akshaycanodia/README.md: {}
akshaycanodia/README.md: {}
akshaycanodia/README.md: {}
akshaycanodia/aidemy-bootstrap/planner/book.py: {}
akshaycanodia/aidemy-bootstrap/planner/book.py: {}
akshaycanodia/aidemy-bootstrap/planner/book.py: {}
akshaycanodia/aidemy-bootstrap/planner/book.py: {}
akshaycanodia/aidemy-bootstrap/planner/book.py: {}
akshaycanodia/aidemy-bootstrap/planner/book.py: {}
akshaycanodia/aidemy-bootstrap/planner/book.py: {}
akshaycanodia/aidemy-bootstrap/planner/book.py: Using EditorConfig core...
akshaycanodia/aidemy-bootstrap/planner/book.py: {}
akshaycanodia/aidemy-bootstrap/planner/book.py: {}
akshaycanodia/aidemy-bootstrap/planner/book.py: {}
akshaycanodia/aidemy-bootstrap/planner/book.py: {}
akshaycanodia/aidemy-bootstrap/planner/book.py: {}
akshaycanodia/aidemy-bootstrap/planner/book.py: {}
akshaycanodia/aidemy-bootstrap/planner/book.py: {}
akshaycanodia/aidemy-bootstrap/planner/book.py: {}
