2025-03-20 19:51:06.611 [info] [main] Log level: Info
2025-03-20 19:51:06.611 [info] [main] Validating found git in: "git"
2025-03-20 19:51:06.611 [info] [main] Using git "2.43.0" from "git"
2025-03-20 19:51:06.611 [info] [Model][doInitialScan] Initial repository scan started
2025-03-20 19:51:06.611 [info] > git rev-parse --show-toplevel [1329ms]
2025-03-20 19:51:06.611 [info] fatal: not a git repository (or any parent up to mount point /)
Stopping at filesystem boundary (GIT_DISCOVERY_ACROSS_FILESYSTEM not set).
2025-03-20 19:51:06.612 [info] > git rev-parse --show-toplevel [2ms]
2025-03-20 19:51:06.612 [info] fatal: not a git repository (or any parent up to mount point /)
Stopping at filesystem boundary (GIT_DISCOVERY_ACROSS_FILESYSTEM not set).
2025-03-20 19:51:06.618 [info] > git rev-parse --show-toplevel [2ms]
2025-03-20 19:51:06.618 [info] fatal: not a git repository (or any parent up to mount point /)
Stopping at filesystem boundary (GIT_DISCOVERY_ACROSS_FILESYSTEM not set).
2025-03-20 19:51:06.623 [info] > git rev-parse --show-toplevel [1ms]
2025-03-20 19:51:06.624 [info] fatal: not a git repository (or any parent up to mount point /)
Stopping at filesystem boundary (GIT_DISCOVERY_ACROSS_FILESYSTEM not set).
2025-03-20 19:51:06.629 [info] > git rev-parse --show-toplevel [2ms]
2025-03-20 19:51:06.629 [info] fatal: not a git repository (or any parent up to mount point /)
Stopping at filesystem boundary (GIT_DISCOVERY_ACROSS_FILESYSTEM not set).
2025-03-20 19:51:06.747 [info] > git rev-parse --show-toplevel [3ms]
2025-03-20 19:51:06.747 [info] fatal: not a git repository (or any parent up to mount point /)
Stopping at filesystem boundary (GIT_DISCOVERY_ACROSS_FILESYSTEM not set).
2025-03-20 19:51:06.753 [info] > git rev-parse --show-toplevel [2ms]
2025-03-20 19:51:06.753 [info] fatal: not a git repository (or any parent up to mount point /)
Stopping at filesystem boundary (GIT_DISCOVERY_ACROSS_FILESYSTEM not set).
2025-03-20 19:51:06.754 [info] [Model][doInitialScan] Initial repository scan completed - repositories (0), closed repositories (0), parent repositories (0), unsafe repositories (0)
2025-03-20 19:51:07.134 [info] > git rev-parse --show-toplevel [12ms]
2025-03-20 19:51:07.134 [info] fatal: not a git repository (or any parent up to mount point /)
Stopping at filesystem boundary (GIT_DISCOVERY_ACROSS_FILESYSTEM not set).
2025-03-20 19:51:07.481 [info] > git rev-parse --show-toplevel [16ms]
2025-03-20 19:51:07.481 [info] fatal: not a git repository (or any parent up to mount point /)
Stopping at filesystem boundary (GIT_DISCOVERY_ACROSS_FILESYSTEM not set).
2025-03-20 19:51:42.695 [info] > git rev-parse --show-toplevel [7ms]
2025-03-20 19:51:42.695 [info] fatal: not a git repository (or any parent up to mount point /)
Stopping at filesystem boundary (GIT_DISCOVERY_ACROSS_FILESYSTEM not set).
2025-03-20 19:58:23.549 [info] > git init -b main [28ms]
2025-03-20 19:58:23.557 [info] > git rev-parse --show-toplevel [2ms]
2025-03-20 19:58:23.566 [info] > git rev-parse --git-dir --git-common-dir [2ms]
2025-03-20 19:58:23.581 [info] [Model][openRepository] Opened repository: /home/akshaycanodia
2025-03-20 19:58:23.598 [info] [Git][getRemotes] No remotes found in the git config file
2025-03-20 19:58:23.600 [info] > git config --get commit.template [9ms]
2025-03-20 19:58:23.600 [info] > git for-each-ref --format=%(refname)%00%(upstream:short)%00%(objectname)%00%(upstream:track)%00%(upstream:remotename)%00%(upstream:remoteref) refs/heads/main refs/remotes/main [3ms]
2025-03-20 19:58:23.601 [warning] [Git][getBranch] No such branch: main
2025-03-20 19:58:23.619 [info] > git status -z -uall [11ms]
2025-03-20 19:58:23.623 [info] > git for-each-ref --sort -committerdate --format %(refname) %(objectname) %(*objectname) [6ms]
2025-03-20 19:58:23.651 [info] > git for-each-ref --format=%(refname)%00%(upstream:short)%00%(objectname)%00%(upstream:track)%00%(upstream:remotename)%00%(upstream:remoteref) refs/heads/main refs/remotes/main [15ms]
2025-03-20 19:58:23.651 [warning] [Git][getBranch] No such branch: main
2025-03-20 19:58:23.652 [error] [GitHistoryProvider][resolveHEADMergeBase] Failed to resolve merge base for main: Error: No such branch: main.
2025-03-20 19:58:23.656 [info] > git config --get commit.template [5ms]
2025-03-20 19:58:23.662 [info] [Git][getRemotes] No remotes found in the git config file
2025-03-20 19:58:23.664 [info] > git for-each-ref --format=%(refname)%00%(upstream:short)%00%(objectname)%00%(upstream:track)%00%(upstream:remotename)%00%(upstream:remoteref) refs/heads/main refs/remotes/main [2ms]
2025-03-20 19:58:23.664 [warning] [Git][getBranch] No such branch: main
2025-03-20 19:58:23.719 [info] > git status -z -uall [49ms]
2025-03-20 19:58:23.719 [info] > git for-each-ref --sort -committerdate --format %(refname) %(objectname) %(*objectname) [42ms]
2025-03-20 19:58:23.796 [info] > git log --format=%H%n%aN%n%aE%n%at%n%ct%n%P%n%D%n%B -z --shortstat --diff-merges=first-parent -n50 --skip=0 --topo-order --decorate=full --stdin [4ms]
2025-03-20 19:58:23.796 [info] fatal: bad revision 'refs/heads/main'
2025-03-20 19:58:23.796 [error] [GitHistoryProvider][provideHistoryItems] Failed to get history items with options '{"historyItemRefs":["refs/heads/main"],"limit":50,"skip":0}': Failed to execute git {
  "exitCode": 128,
  "gitCommand": "log",
  "stdout": "",
  "stderr": "fatal: bad revision 'refs/heads/main'\n"
}
2025-03-20 19:58:24.600 [info] > git check-ignore -v -z --stdin [2ms]
2025-03-20 19:58:26.749 [info] [Git][getRemotes] No remotes found in the git config file
2025-03-20 19:58:26.750 [info] > git config --get commit.template [8ms]
2025-03-20 19:58:26.751 [info] > git for-each-ref --format=%(refname)%00%(upstream:short)%00%(objectname)%00%(upstream:track)%00%(upstream:remotename)%00%(upstream:remoteref) refs/heads/main refs/remotes/main [2ms]
2025-03-20 19:58:26.751 [warning] [Git][getBranch] No such branch: main
2025-03-20 19:58:26.764 [info] > git status -z -uall [7ms]
2025-03-20 19:58:26.765 [info] > git for-each-ref --sort -committerdate --format %(refname) %(objectname) %(*objectname) [2ms]
2025-03-20 19:58:31.586 [info] > git log --format=%H%n%aN%n%aE%n%at%n%ct%n%P%n%D%n%B -z --shortstat --diff-merges=first-parent -n50 --skip=0 --topo-order --decorate=full --stdin [3ms]
2025-03-20 19:58:31.586 [info] fatal: bad revision 'refs/heads/main'
2025-03-20 19:58:31.587 [error] [GitHistoryProvider][provideHistoryItems] Failed to get history items with options '{"historyItemRefs":["refs/heads/main"],"limit":50,"skip":0}': Failed to execute git {
  "exitCode": 128,
  "gitCommand": "log",
  "stdout": "",
  "stderr": "fatal: bad revision 'refs/heads/main'\n"
}
2025-03-20 19:58:31.783 [info] [Git][getRemotes] No remotes found in the git config file
2025-03-20 19:58:31.784 [info] > git config --get commit.template [8ms]
2025-03-20 19:58:31.784 [info] > git for-each-ref --format=%(refname)%00%(upstream:short)%00%(objectname)%00%(upstream:track)%00%(upstream:remotename)%00%(upstream:remoteref) refs/heads/main refs/remotes/main [2ms]
2025-03-20 19:58:31.784 [warning] [Git][getBranch] No such branch: main
2025-03-20 19:58:31.798 [info] > git status -z -uall [8ms]
2025-03-20 19:58:31.799 [info] > git for-each-ref --sort -committerdate --format %(refname) %(objectname) %(*objectname) [2ms]
2025-03-20 19:58:36.818 [info] [Git][getRemotes] No remotes found in the git config file
2025-03-20 19:58:36.818 [info] > git config --get commit.template [8ms]
2025-03-20 19:58:36.819 [info] > git for-each-ref --format=%(refname)%00%(upstream:short)%00%(objectname)%00%(upstream:track)%00%(upstream:remotename)%00%(upstream:remoteref) refs/heads/main refs/remotes/main [3ms]
2025-03-20 19:58:36.819 [warning] [Git][getBranch] No such branch: main
2025-03-20 19:58:36.833 [info] > git status -z -uall [8ms]
2025-03-20 19:58:36.834 [info] > git for-each-ref --sort -committerdate --format %(refname) %(objectname) %(*objectname) [2ms]
2025-03-20 19:59:33.658 [info] [Git][getRemotes] No remotes found in the git config file
2025-03-20 19:59:33.658 [info] > git config --get commit.template [7ms]
2025-03-20 19:59:33.659 [info] > git for-each-ref --format=%(refname)%00%(upstream:short)%00%(objectname)%00%(upstream:track)%00%(upstream:remotename)%00%(upstream:remoteref) refs/heads/main refs/remotes/main [2ms]
2025-03-20 19:59:33.659 [warning] [Git][getBranch] No such branch: main
2025-03-20 19:59:33.672 [info] > git status -z -uall [7ms]
2025-03-20 19:59:33.675 [info] > git for-each-ref --sort -committerdate --format %(refname) %(objectname) %(*objectname) [4ms]
2025-03-20 19:59:52.365 [info] [Git][getRemotes] No remotes found in the git config file
2025-03-20 19:59:52.366 [info] > git config --get commit.template [7ms]
2025-03-20 19:59:52.367 [info] > git for-each-ref --format=%(refname)%00%(upstream:short)%00%(objectname)%00%(upstream:track)%00%(upstream:remotename)%00%(upstream:remoteref) refs/heads/main refs/remotes/main [2ms]
2025-03-20 19:59:52.367 [warning] [Git][getBranch] No such branch: main
2025-03-20 19:59:52.381 [info] > git status -z -uall [8ms]
2025-03-20 19:59:52.382 [info] > git for-each-ref --sort -committerdate --format %(refname) %(objectname) %(*objectname) [2ms]
2025-03-20 19:59:57.398 [info] [Git][getRemotes] No remotes found in the git config file
2025-03-20 19:59:57.399 [info] > git config --get commit.template [8ms]
2025-03-20 19:59:57.400 [info] > git for-each-ref --format=%(refname)%00%(upstream:short)%00%(objectname)%00%(upstream:track)%00%(upstream:remotename)%00%(upstream:remoteref) refs/heads/main refs/remotes/main [2ms]
2025-03-20 19:59:57.400 [warning] [Git][getBranch] No such branch: main
2025-03-20 19:59:57.415 [info] > git status -z -uall [7ms]
2025-03-20 19:59:57.416 [info] > git for-each-ref --sort -committerdate --format %(refname) %(objectname) %(*objectname) [2ms]
2025-03-20 20:00:04.819 [info] [Git][getRemotes] No remotes found in the git config file
2025-03-20 20:00:04.820 [info] > git config --get commit.template [8ms]
2025-03-20 20:00:04.820 [info] > git for-each-ref --format=%(refname)%00%(upstream:short)%00%(objectname)%00%(upstream:track)%00%(upstream:remotename)%00%(upstream:remoteref) refs/heads/main refs/remotes/main [1ms]
2025-03-20 20:00:04.821 [warning] [Git][getBranch] No such branch: main
2025-03-20 20:00:04.834 [info] > git status -z -uall [7ms]
2025-03-20 20:00:04.835 [info] > git for-each-ref --sort -committerdate --format %(refname) %(objectname) %(*objectname) [2ms]
2025-03-20 20:00:09.854 [info] [Git][getRemotes] No remotes found in the git config file
2025-03-20 20:00:09.854 [info] > git config --get commit.template [7ms]
2025-03-20 20:00:09.856 [info] > git for-each-ref --format=%(refname)%00%(upstream:short)%00%(objectname)%00%(upstream:track)%00%(upstream:remotename)%00%(upstream:remoteref) refs/heads/main refs/remotes/main [3ms]
2025-03-20 20:00:09.856 [warning] [Git][getBranch] No such branch: main
2025-03-20 20:00:09.869 [info] > git status -z -uall [7ms]
2025-03-20 20:00:09.870 [info] > git for-each-ref --sort -committerdate --format %(refname) %(objectname) %(*objectname) [2ms]
2025-03-20 20:00:14.888 [info] [Git][getRemotes] No remotes found in the git config file
2025-03-20 20:00:14.889 [info] > git config --get commit.template [7ms]
2025-03-20 20:00:14.891 [info] > git for-each-ref --format=%(refname)%00%(upstream:short)%00%(objectname)%00%(upstream:track)%00%(upstream:remotename)%00%(upstream:remoteref) refs/heads/main refs/remotes/main [3ms]
2025-03-20 20:00:14.891 [warning] [Git][getBranch] No such branch: main
2025-03-20 20:00:14.904 [info] > git status -z -uall [7ms]
2025-03-20 20:00:14.907 [info] > git for-each-ref --sort -committerdate --format %(refname) %(objectname) %(*objectname) [4ms]
2025-03-20 20:00:19.917 [info] [Git][getRemotes] No remotes found in the git config file
2025-03-20 20:00:19.924 [info] > git config --get commit.template [7ms]
2025-03-20 20:00:19.925 [info] > git for-each-ref --format=%(refname)%00%(upstream:short)%00%(objectname)%00%(upstream:track)%00%(upstream:remotename)%00%(upstream:remoteref) refs/heads/main refs/remotes/main [2ms]
2025-03-20 20:00:19.925 [warning] [Git][getBranch] No such branch: main
2025-03-20 20:00:19.938 [info] > git status -z -uall [7ms]
2025-03-20 20:00:19.939 [info] > git for-each-ref --sort -committerdate --format %(refname) %(objectname) %(*objectname) [2ms]
2025-03-20 20:00:24.956 [info] [Git][getRemotes] No remotes found in the git config file
2025-03-20 20:00:24.956 [info] > git config --get commit.template [7ms]
2025-03-20 20:00:24.957 [info] > git for-each-ref --format=%(refname)%00%(upstream:short)%00%(objectname)%00%(upstream:track)%00%(upstream:remotename)%00%(upstream:remoteref) refs/heads/main refs/remotes/main [1ms]
2025-03-20 20:00:24.958 [warning] [Git][getBranch] No such branch: main
2025-03-20 20:00:24.971 [info] > git status -z -uall [7ms]
2025-03-20 20:00:24.972 [info] > git for-each-ref --sort -committerdate --format %(refname) %(objectname) %(*objectname) [2ms]
2025-03-20 20:00:29.983 [info] [Git][getRemotes] No remotes found in the git config file
2025-03-20 20:00:29.990 [info] > git config --get commit.template [7ms]
2025-03-20 20:00:29.991 [info] > git for-each-ref --format=%(refname)%00%(upstream:short)%00%(objectname)%00%(upstream:track)%00%(upstream:remotename)%00%(upstream:remoteref) refs/heads/main refs/remotes/main [2ms]
2025-03-20 20:00:29.991 [warning] [Git][getBranch] No such branch: main
2025-03-20 20:00:30.006 [info] > git status -z -uall [9ms]
2025-03-20 20:00:30.007 [info] > git for-each-ref --sort -committerdate --format %(refname) %(objectname) %(*objectname) [2ms]
2025-03-20 20:00:35.024 [info] [Git][getRemotes] No remotes found in the git config file
2025-03-20 20:00:35.024 [info] > git config --get commit.template [7ms]
2025-03-20 20:00:35.029 [info] > git for-each-ref --format=%(refname)%00%(upstream:short)%00%(objectname)%00%(upstream:track)%00%(upstream:remotename)%00%(upstream:remoteref) refs/heads/main refs/remotes/main [6ms]
2025-03-20 20:00:35.043 [info] > git status -z -uall [7ms]
2025-03-20 20:00:35.044 [info] > git for-each-ref --sort -committerdate --format %(refname) %(objectname) %(*objectname) [2ms]
2025-03-20 20:00:40.085 [info] > git check-ignore -v -z --stdin [1ms]
2025-03-20 20:00:40.139 [info] > git log --format=%H%n%aN%n%aE%n%at%n%ct%n%P%n%D%n%B -z --shortstat --diff-merges=first-parent -n50 --skip=0 --topo-order --decorate=full --stdin [662ms]
2025-03-20 20:00:42.759 [info] > git config --get commit.template [2ms]
2025-03-20 20:00:42.766 [info] [Git][getRemotes] No remotes found in the git config file
2025-03-20 20:00:42.767 [info] > git for-each-ref --format=%(refname)%00%(upstream:short)%00%(objectname)%00%(upstream:track)%00%(upstream:remotename)%00%(upstream:remoteref) refs/heads/main refs/remotes/main [2ms]
2025-03-20 20:00:42.781 [info] > git status -z -uall [8ms]
2025-03-20 20:00:42.782 [info] > git for-each-ref --sort -committerdate --format %(refname) %(objectname) %(*objectname) [2ms]
2025-03-20 20:00:49.441 [info] > git config --get commit.template [6ms]
2025-03-20 20:00:49.443 [info] > git for-each-ref --format=%(refname)%00%(upstream:short)%00%(objectname)%00%(upstream:track)%00%(upstream:remotename)%00%(upstream:remoteref) refs/heads/main refs/remotes/main [2ms]
2025-03-20 20:00:49.456 [info] > git status -z -uall [7ms]
2025-03-20 20:00:49.457 [info] > git for-each-ref --sort -committerdate --format %(refname) %(objectname) %(*objectname) [2ms]
2025-03-20 20:00:54.475 [info] > git config --get commit.template [7ms]
2025-03-20 20:00:54.476 [info] > git for-each-ref --format=%(refname)%00%(upstream:short)%00%(objectname)%00%(upstream:track)%00%(upstream:remotename)%00%(upstream:remoteref) refs/heads/main refs/remotes/main [2ms]
2025-03-20 20:00:54.489 [info] > git status -z -uall [7ms]
2025-03-20 20:00:54.491 [info] > git for-each-ref --sort -committerdate --format %(refname) %(objectname) %(*objectname) [2ms]
2025-03-20 20:00:55.155 [info] > git check-ignore -v -z --stdin [2ms]
2025-03-20 20:01:51.563 [info] > git config --get commit.template [3ms]
2025-03-20 20:01:51.571 [info] > git for-each-ref --format=%(refname)%00%(upstream:short)%00%(objectname)%00%(upstream:track)%00%(upstream:remotename)%00%(upstream:remoteref) refs/heads/main refs/remotes/main [2ms]
2025-03-20 20:01:51.585 [info] > git status -z -uall [8ms]
2025-03-20 20:01:51.586 [info] > git for-each-ref --sort -committerdate --format %(refname) %(objectname) %(*objectname) [2ms]
2025-03-20 20:01:56.603 [info] > git config --get commit.template [7ms]
2025-03-20 20:01:56.605 [info] > git for-each-ref --format=%(refname)%00%(upstream:short)%00%(objectname)%00%(upstream:track)%00%(upstream:remotename)%00%(upstream:remoteref) refs/heads/main refs/remotes/main [2ms]
2025-03-20 20:01:56.619 [info] > git status -z -uall [9ms]
2025-03-20 20:01:56.620 [info] > git for-each-ref --sort -committerdate --format %(refname) %(objectname) %(*objectname) [3ms]
2025-03-20 20:02:12.486 [info] > git config --get commit.template [10ms]
2025-03-20 20:02:12.488 [info] > git for-each-ref --format=%(refname)%00%(upstream:short)%00%(objectname)%00%(upstream:track)%00%(upstream:remotename)%00%(upstream:remoteref) refs/heads/main refs/remotes/main [3ms]
2025-03-20 20:02:12.510 [info] > git status -z -uall [13ms]
2025-03-20 20:02:12.511 [info] > git for-each-ref --sort -committerdate --format %(refname) %(objectname) %(*objectname) [5ms]
2025-03-20 20:02:17.529 [info] > git config --get commit.template [8ms]
2025-03-20 20:02:17.531 [info] > git for-each-ref --format=%(refname)%00%(upstream:short)%00%(objectname)%00%(upstream:track)%00%(upstream:remotename)%00%(upstream:remoteref) refs/heads/main refs/remotes/main [3ms]
2025-03-20 20:02:17.547 [info] > git status -z -uall [8ms]
2025-03-20 20:02:17.548 [info] > git for-each-ref --sort -committerdate --format %(refname) %(objectname) %(*objectname) [3ms]
2025-03-20 20:02:17.565 [info] > git merge-base refs/heads/main refs/remotes/origin/main [4ms]
2025-03-20 20:02:17.576 [info] > git diff --name-status -z --diff-filter=ADMR 6d55c9748d5fb1587eaaa7b6198679870539cfe7...refs/remotes/origin/main [4ms]
2025-03-20 20:02:18.265 [info] > git log --format=%H%n%aN%n%aE%n%at%n%ct%n%P%n%D%n%B -z --shortstat --diff-merges=first-parent -n50 --skip=0 --topo-order --decorate=full --stdin [637ms]
2025-03-20 20:02:22.579 [info] > git config --get commit.template [8ms]
2025-03-20 20:02:22.580 [info] > git for-each-ref --format=%(refname)%00%(upstream:short)%00%(objectname)%00%(upstream:track)%00%(upstream:remotename)%00%(upstream:remoteref) refs/heads/main refs/remotes/main [2ms]
2025-03-20 20:02:22.597 [info] > git status -z -uall [9ms]
2025-03-20 20:02:22.598 [info] > git for-each-ref --sort -committerdate --format %(refname) %(objectname) %(*objectname) [4ms]
2025-03-20 20:02:27.618 [info] > git config --get commit.template [8ms]
2025-03-20 20:02:27.620 [info] > git for-each-ref --format=%(refname)%00%(upstream:short)%00%(objectname)%00%(upstream:track)%00%(upstream:remotename)%00%(upstream:remoteref) refs/heads/main refs/remotes/main [2ms]
2025-03-20 20:02:27.645 [info] > git status -z -uall [9ms]
2025-03-20 20:02:27.647 [info] > git for-each-ref --sort -committerdate --format %(refname) %(objectname) %(*objectname) [3ms]
2025-03-20 20:02:32.661 [info] > git config --get commit.template [2ms]
2025-03-20 20:02:32.671 [info] > git for-each-ref --format=%(refname)%00%(upstream:short)%00%(objectname)%00%(upstream:track)%00%(upstream:remotename)%00%(upstream:remoteref) refs/heads/main refs/remotes/main [2ms]
2025-03-20 20:02:32.687 [info] > git status -z -uall [9ms]
2025-03-20 20:02:32.689 [info] > git for-each-ref --sort -committerdate --format %(refname) %(objectname) %(*objectname) [3ms]
2025-03-20 20:02:44.786 [info] > git config --get commit.template [8ms]
2025-03-20 20:02:44.788 [info] > git for-each-ref --format=%(refname)%00%(upstream:short)%00%(objectname)%00%(upstream:track)%00%(upstream:remotename)%00%(upstream:remoteref) refs/heads/main refs/remotes/main [2ms]
2025-03-20 20:02:44.803 [info] > git status -z -uall [8ms]
2025-03-20 20:02:44.805 [info] > git for-each-ref --sort -committerdate --format %(refname) %(objectname) %(*objectname) [2ms]
2025-03-20 20:02:49.832 [info] > git config --get commit.template [12ms]
2025-03-20 20:02:49.833 [info] > git for-each-ref --format=%(refname)%00%(upstream:short)%00%(objectname)%00%(upstream:track)%00%(upstream:remotename)%00%(upstream:remoteref) refs/heads/main refs/remotes/main [3ms]
2025-03-20 20:02:49.857 [info] > git status -z -uall [10ms]
2025-03-20 20:02:49.857 [info] > git for-each-ref --sort -committerdate --format %(refname) %(objectname) %(*objectname) [3ms]
2025-03-20 20:03:04.293 [info] > git config --get commit.template [8ms]
2025-03-20 20:03:04.295 [info] > git for-each-ref --format=%(refname)%00%(upstream:short)%00%(objectname)%00%(upstream:track)%00%(upstream:remotename)%00%(upstream:remoteref) refs/heads/main refs/remotes/main [3ms]
2025-03-20 20:03:04.310 [info] > git status -z -uall [8ms]
2025-03-20 20:03:04.312 [info] > git for-each-ref --sort -committerdate --format %(refname) %(objectname) %(*objectname) [3ms]
2025-03-20 20:03:15.510 [info] > git config --get commit.template [8ms]
2025-03-20 20:03:15.511 [info] > git for-each-ref --format=%(refname)%00%(upstream:short)%00%(objectname)%00%(upstream:track)%00%(upstream:remotename)%00%(upstream:remoteref) refs/heads/main refs/remotes/main [2ms]
2025-03-20 20:03:15.526 [info] > git status -z -uall [7ms]
2025-03-20 20:03:15.528 [info] > git for-each-ref --sort -committerdate --format %(refname) %(objectname) %(*objectname) [3ms]
2025-03-20 20:03:20.542 [info] > git config --get commit.template [3ms]
2025-03-20 20:03:20.551 [info] > git for-each-ref --format=%(refname)%00%(upstream:short)%00%(objectname)%00%(upstream:track)%00%(upstream:remotename)%00%(upstream:remoteref) refs/heads/main refs/remotes/main [2ms]
2025-03-20 20:03:20.567 [info] > git status -z -uall [8ms]
2025-03-20 20:03:20.568 [info] > git for-each-ref --sort -committerdate --format %(refname) %(objectname) %(*objectname) [2ms]
2025-03-20 20:03:25.588 [info] > git config --get commit.template [7ms]
2025-03-20 20:03:25.589 [info] > git for-each-ref --format=%(refname)%00%(upstream:short)%00%(objectname)%00%(upstream:track)%00%(upstream:remotename)%00%(upstream:remoteref) refs/heads/main refs/remotes/main [2ms]
2025-03-20 20:03:25.606 [info] > git status -z -uall [10ms]
2025-03-20 20:03:25.606 [info] > git for-each-ref --sort -committerdate --format %(refname) %(objectname) %(*objectname) [3ms]
2025-03-20 20:03:30.626 [info] > git config --get commit.template [8ms]
2025-03-20 20:03:30.627 [info] > git for-each-ref --format=%(refname)%00%(upstream:short)%00%(objectname)%00%(upstream:track)%00%(upstream:remotename)%00%(upstream:remoteref) refs/heads/main refs/remotes/main [2ms]
2025-03-20 20:03:30.645 [info] > git status -z -uall [8ms]
2025-03-20 20:03:30.647 [info] > git for-each-ref --sort -committerdate --format %(refname) %(objectname) %(*objectname) [2ms]
2025-03-20 20:03:35.659 [info] > git config --get commit.template [2ms]
2025-03-20 20:03:35.668 [info] > git for-each-ref --format=%(refname)%00%(upstream:short)%00%(objectname)%00%(upstream:track)%00%(upstream:remotename)%00%(upstream:remoteref) refs/heads/main refs/remotes/main [2ms]
2025-03-20 20:03:35.682 [info] > git status -z -uall [7ms]
2025-03-20 20:03:35.684 [info] > git for-each-ref --sort -committerdate --format %(refname) %(objectname) %(*objectname) [3ms]
2025-03-20 20:03:40.704 [info] > git config --get commit.template [7ms]
2025-03-20 20:03:40.706 [info] > git for-each-ref --format=%(refname)%00%(upstream:short)%00%(objectname)%00%(upstream:track)%00%(upstream:remotename)%00%(upstream:remoteref) refs/heads/main refs/remotes/main [2ms]
2025-03-20 20:03:40.722 [info] > git status -z -uall [8ms]
2025-03-20 20:03:40.724 [info] > git for-each-ref --sort -committerdate --format %(refname) %(objectname) %(*objectname) [3ms]
2025-03-20 20:03:45.742 [info] > git config --get commit.template [8ms]
2025-03-20 20:03:45.744 [info] > git for-each-ref --format=%(refname)%00%(upstream:short)%00%(objectname)%00%(upstream:track)%00%(upstream:remotename)%00%(upstream:remoteref) refs/heads/main refs/remotes/main [3ms]
2025-03-20 20:03:45.762 [info] > git status -z -uall [7ms]
2025-03-20 20:03:45.764 [info] > git for-each-ref --sort -committerdate --format %(refname) %(objectname) %(*objectname) [3ms]
2025-03-20 20:03:50.784 [info] > git config --get commit.template [8ms]
2025-03-20 20:03:50.785 [info] > git for-each-ref --format=%(refname)%00%(upstream:short)%00%(objectname)%00%(upstream:track)%00%(upstream:remotename)%00%(upstream:remoteref) refs/heads/main refs/remotes/main [2ms]
2025-03-20 20:03:50.803 [info] > git status -z -uall [7ms]
2025-03-20 20:03:50.805 [info] > git for-each-ref --sort -committerdate --format %(refname) %(objectname) %(*objectname) [2ms]
2025-03-20 20:03:55.823 [info] > git config --get commit.template [8ms]
2025-03-20 20:03:55.824 [info] > git for-each-ref --format=%(refname)%00%(upstream:short)%00%(objectname)%00%(upstream:track)%00%(upstream:remotename)%00%(upstream:remoteref) refs/heads/main refs/remotes/main [2ms]
2025-03-20 20:03:55.845 [info] > git status -z -uall [11ms]
2025-03-20 20:03:55.846 [info] > git for-each-ref --sort -committerdate --format %(refname) %(objectname) %(*objectname) [4ms]
2025-03-20 20:04:11.751 [info] > git config --get commit.template [7ms]
2025-03-20 20:04:11.753 [info] > git for-each-ref --format=%(refname)%00%(upstream:short)%00%(objectname)%00%(upstream:track)%00%(upstream:remotename)%00%(upstream:remoteref) refs/heads/main refs/remotes/main [3ms]
2025-03-20 20:04:11.767 [info] > git status -z -uall [8ms]
2025-03-20 20:04:11.768 [info] > git for-each-ref --sort -committerdate --format %(refname) %(objectname) %(*objectname) [2ms]
2025-03-20 20:04:16.787 [info] > git config --get commit.template [8ms]
2025-03-20 20:04:16.788 [info] > git for-each-ref --format=%(refname)%00%(upstream:short)%00%(objectname)%00%(upstream:track)%00%(upstream:remotename)%00%(upstream:remoteref) refs/heads/main refs/remotes/main [2ms]
2025-03-20 20:04:16.803 [info] > git status -z -uall [8ms]
2025-03-20 20:04:16.806 [info] > git for-each-ref --sort -committerdate --format %(refname) %(objectname) %(*objectname) [3ms]
2025-03-20 20:04:18.567 [info] > git check-ignore -v -z --stdin [2ms]
2025-03-20 20:04:30.053 [info] > git config --get commit.template [8ms]
2025-03-20 20:04:30.054 [info] > git for-each-ref --format=%(refname)%00%(upstream:short)%00%(objectname)%00%(upstream:track)%00%(upstream:remotename)%00%(upstream:remoteref) refs/heads/main refs/remotes/main [3ms]
2025-03-20 20:04:30.067 [info] > git status -z -uall [7ms]
2025-03-20 20:04:30.069 [info] > git for-each-ref --sort -committerdate --format %(refname) %(objectname) %(*objectname) [2ms]
2025-03-20 20:04:43.950 [info] > git config --get commit.template [7ms]
2025-03-20 20:04:43.952 [info] > git for-each-ref --format=%(refname)%00%(upstream:short)%00%(objectname)%00%(upstream:track)%00%(upstream:remotename)%00%(upstream:remoteref) refs/heads/main refs/remotes/main [1ms]
2025-03-20 20:04:43.966 [info] > git status -z -uall [8ms]
2025-03-20 20:04:43.967 [info] > git for-each-ref --sort -committerdate --format %(refname) %(objectname) %(*objectname) [2ms]
2025-03-20 20:04:48.988 [info] > git config --get commit.template [9ms]
2025-03-20 20:04:48.990 [info] > git for-each-ref --format=%(refname)%00%(upstream:short)%00%(objectname)%00%(upstream:track)%00%(upstream:remotename)%00%(upstream:remoteref) refs/heads/main refs/remotes/main [2ms]
2025-03-20 20:04:49.007 [info] > git status -z -uall [8ms]
2025-03-20 20:04:49.009 [info] > git for-each-ref --sort -committerdate --format %(refname) %(objectname) %(*objectname) [3ms]
2025-03-20 20:04:54.027 [info] > git config --get commit.template [8ms]
2025-03-20 20:04:54.028 [info] > git for-each-ref --format=%(refname)%00%(upstream:short)%00%(objectname)%00%(upstream:track)%00%(upstream:remotename)%00%(upstream:remoteref) refs/heads/main refs/remotes/main [2ms]
2025-03-20 20:04:54.050 [info] > git status -z -uall [7ms]
2025-03-20 20:04:54.052 [info] > git for-each-ref --sort -committerdate --format %(refname) %(objectname) %(*objectname) [2ms]
2025-03-20 20:05:04.648 [info] > git config --get commit.template [8ms]
2025-03-20 20:05:04.649 [info] > git for-each-ref --format=%(refname)%00%(upstream:short)%00%(objectname)%00%(upstream:track)%00%(upstream:remotename)%00%(upstream:remoteref) refs/heads/main refs/remotes/main [2ms]
2025-03-20 20:05:04.666 [info] > git status -z -uall [9ms]
2025-03-20 20:05:04.667 [info] > git for-each-ref --sort -committerdate --format %(refname) %(objectname) %(*objectname) [3ms]
2025-03-20 20:05:30.003 [info] > git config --get commit.template [7ms]
2025-03-20 20:05:30.005 [info] > git for-each-ref --format=%(refname)%00%(upstream:short)%00%(objectname)%00%(upstream:track)%00%(upstream:remotename)%00%(upstream:remoteref) refs/heads/main refs/remotes/main [3ms]
2025-03-20 20:05:30.020 [info] > git status -z -uall [9ms]
2025-03-20 20:05:30.021 [info] > git for-each-ref --sort -committerdate --format %(refname) %(objectname) %(*objectname) [3ms]
2025-03-20 20:05:35.046 [info] > git config --get commit.template [11ms]
2025-03-20 20:05:35.047 [info] > git for-each-ref --format=%(refname)%00%(upstream:short)%00%(objectname)%00%(upstream:track)%00%(upstream:remotename)%00%(upstream:remoteref) refs/heads/main refs/remotes/main [2ms]
2025-03-20 20:05:35.070 [info] > git status -z -uall [13ms]
2025-03-20 20:05:35.070 [info] > git for-each-ref --sort -committerdate --format %(refname) %(objectname) %(*objectname) [4ms]
2025-03-20 20:05:40.087 [info] > git config --get commit.template [2ms]
2025-03-20 20:05:40.100 [info] > git for-each-ref --format=%(refname)%00%(upstream:short)%00%(objectname)%00%(upstream:track)%00%(upstream:remotename)%00%(upstream:remoteref) refs/heads/main refs/remotes/main [3ms]
2025-03-20 20:05:40.120 [info] > git status -z -uall [11ms]
2025-03-20 20:05:40.122 [info] > git for-each-ref --sort -committerdate --format %(refname) %(objectname) %(*objectname) [3ms]
2025-03-20 20:05:52.049 [info] > git config --get commit.template [8ms]
2025-03-20 20:05:52.051 [info] > git for-each-ref --format=%(refname)%00%(upstream:short)%00%(objectname)%00%(upstream:track)%00%(upstream:remotename)%00%(upstream:remoteref) refs/heads/main refs/remotes/main [3ms]
2025-03-20 20:05:52.066 [info] > git status -z -uall [8ms]
2025-03-20 20:05:52.068 [info] > git for-each-ref --sort -committerdate --format %(refname) %(objectname) %(*objectname) [2ms]
2025-03-20 20:06:33.295 [info] > git config --get commit.template [7ms]
2025-03-20 20:06:33.297 [info] > git for-each-ref --format=%(refname)%00%(upstream:short)%00%(objectname)%00%(upstream:track)%00%(upstream:remotename)%00%(upstream:remoteref) refs/heads/main refs/remotes/main [3ms]
2025-03-20 20:06:33.312 [info] > git status -z -uall [8ms]
2025-03-20 20:06:33.313 [info] > git for-each-ref --sort -committerdate --format %(refname) %(objectname) %(*objectname) [2ms]
2025-03-20 20:06:38.325 [info] > git config --get commit.template [2ms]
2025-03-20 20:06:38.334 [info] > git for-each-ref --format=%(refname)%00%(upstream:short)%00%(objectname)%00%(upstream:track)%00%(upstream:remotename)%00%(upstream:remoteref) refs/heads/main refs/remotes/main [2ms]
2025-03-20 20:06:38.371 [info] > git status -z -uall [8ms]
2025-03-20 20:06:38.373 [info] > git for-each-ref --sort -committerdate --format %(refname) %(objectname) %(*objectname) [3ms]
2025-03-20 20:06:43.392 [info] > git config --get commit.template [9ms]
2025-03-20 20:06:43.394 [info] > git for-each-ref --format=%(refname)%00%(upstream:short)%00%(objectname)%00%(upstream:track)%00%(upstream:remotename)%00%(upstream:remoteref) refs/heads/main refs/remotes/main [3ms]
2025-03-20 20:06:43.411 [info] > git status -z -uall [7ms]
2025-03-20 20:06:43.412 [info] > git for-each-ref --sort -committerdate --format %(refname) %(objectname) %(*objectname) [2ms]
2025-03-20 20:06:48.433 [info] > git config --get commit.template [10ms]
2025-03-20 20:06:48.435 [info] > git for-each-ref --format=%(refname)%00%(upstream:short)%00%(objectname)%00%(upstream:track)%00%(upstream:remotename)%00%(upstream:remoteref) refs/heads/main refs/remotes/main [3ms]
2025-03-20 20:06:48.458 [info] > git status -z -uall [11ms]
2025-03-20 20:06:48.460 [info] > git for-each-ref --sort -committerdate --format %(refname) %(objectname) %(*objectname) [3ms]
2025-03-20 20:06:53.479 [info] > git config --get commit.template [8ms]
2025-03-20 20:06:53.480 [info] > git for-each-ref --format=%(refname)%00%(upstream:short)%00%(objectname)%00%(upstream:track)%00%(upstream:remotename)%00%(upstream:remoteref) refs/heads/main refs/remotes/main [2ms]
2025-03-20 20:06:53.499 [info] > git status -z -uall [8ms]
2025-03-20 20:06:53.500 [info] > git for-each-ref --sort -committerdate --format %(refname) %(objectname) %(*objectname) [2ms]
2025-03-20 20:06:58.512 [info] > git config --get commit.template [2ms]
2025-03-20 20:06:58.521 [info] > git for-each-ref --format=%(refname)%00%(upstream:short)%00%(objectname)%00%(upstream:track)%00%(upstream:remotename)%00%(upstream:remoteref) refs/heads/main refs/remotes/main [2ms]
2025-03-20 20:06:58.536 [info] > git status -z -uall [8ms]
2025-03-20 20:06:58.538 [info] > git for-each-ref --sort -committerdate --format %(refname) %(objectname) %(*objectname) [3ms]
2025-03-20 20:07:03.556 [info] > git config --get commit.template [8ms]
2025-03-20 20:07:03.558 [info] > git for-each-ref --format=%(refname)%00%(upstream:short)%00%(objectname)%00%(upstream:track)%00%(upstream:remotename)%00%(upstream:remoteref) refs/heads/main refs/remotes/main [3ms]
2025-03-20 20:07:03.576 [info] > git status -z -uall [10ms]
2025-03-20 20:07:03.577 [info] > git for-each-ref --sort -committerdate --format %(refname) %(objectname) %(*objectname) [3ms]
2025-03-20 20:07:08.595 [info] > git config --get commit.template [8ms]
2025-03-20 20:07:08.596 [info] > git for-each-ref --format=%(refname)%00%(upstream:short)%00%(objectname)%00%(upstream:track)%00%(upstream:remotename)%00%(upstream:remoteref) refs/heads/main refs/remotes/main [2ms]
2025-03-20 20:07:08.613 [info] > git status -z -uall [8ms]
2025-03-20 20:07:08.616 [info] > git for-each-ref --sort -committerdate --format %(refname) %(objectname) %(*objectname) [4ms]
2025-03-20 20:07:13.635 [info] > git config --get commit.template [8ms]
2025-03-20 20:07:13.637 [info] > git for-each-ref --format=%(refname)%00%(upstream:short)%00%(objectname)%00%(upstream:track)%00%(upstream:remotename)%00%(upstream:remoteref) refs/heads/main refs/remotes/main [2ms]
2025-03-20 20:07:13.654 [info] > git status -z -uall [8ms]
2025-03-20 20:07:13.655 [info] > git for-each-ref --sort -committerdate --format %(refname) %(objectname) %(*objectname) [2ms]
2025-03-20 20:07:18.667 [info] > git config --get commit.template [2ms]
2025-03-20 20:07:18.676 [info] > git for-each-ref --format=%(refname)%00%(upstream:short)%00%(objectname)%00%(upstream:track)%00%(upstream:remotename)%00%(upstream:remoteref) refs/heads/main refs/remotes/main [2ms]
2025-03-20 20:07:18.691 [info] > git status -z -uall [8ms]
2025-03-20 20:07:18.693 [info] > git for-each-ref --sort -committerdate --format %(refname) %(objectname) %(*objectname) [2ms]
2025-03-20 20:07:23.711 [info] > git config --get commit.template [8ms]
2025-03-20 20:07:23.713 [info] > git for-each-ref --format=%(refname)%00%(upstream:short)%00%(objectname)%00%(upstream:track)%00%(upstream:remotename)%00%(upstream:remoteref) refs/heads/main refs/remotes/main [3ms]
2025-03-20 20:07:23.728 [info] > git status -z -uall [8ms]
2025-03-20 20:07:23.730 [info] > git for-each-ref --sort -committerdate --format %(refname) %(objectname) %(*objectname) [3ms]
2025-03-20 20:08:10.482 [info] > git config --get commit.template [7ms]
2025-03-20 20:08:10.484 [info] > git for-each-ref --format=%(refname)%00%(upstream:short)%00%(objectname)%00%(upstream:track)%00%(upstream:remotename)%00%(upstream:remoteref) refs/heads/main refs/remotes/main [3ms]
2025-03-20 20:08:10.498 [info] > git status -z -uall [8ms]
2025-03-20 20:08:10.499 [info] > git for-each-ref --sort -committerdate --format %(refname) %(objectname) %(*objectname) [2ms]
2025-03-20 20:08:15.517 [info] > git config --get commit.template [9ms]
2025-03-20 20:08:15.519 [info] > git for-each-ref --format=%(refname)%00%(upstream:short)%00%(objectname)%00%(upstream:track)%00%(upstream:remotename)%00%(upstream:remoteref) refs/heads/main refs/remotes/main [3ms]
2025-03-20 20:08:15.534 [info] > git status -z -uall [8ms]
2025-03-20 20:08:15.535 [info] > git for-each-ref --sort -committerdate --format %(refname) %(objectname) %(*objectname) [2ms]
2025-03-20 20:08:20.557 [info] > git config --get commit.template [9ms]
2025-03-20 20:08:20.558 [info] > git for-each-ref --format=%(refname)%00%(upstream:short)%00%(objectname)%00%(upstream:track)%00%(upstream:remotename)%00%(upstream:remoteref) refs/heads/main refs/remotes/main [2ms]
2025-03-20 20:08:20.574 [info] > git status -z -uall [8ms]
2025-03-20 20:08:20.575 [info] > git for-each-ref --sort -committerdate --format %(refname) %(objectname) %(*objectname) [2ms]
2025-03-20 20:08:25.591 [info] > git config --get commit.template [7ms]
2025-03-20 20:08:25.593 [info] > git for-each-ref --format=%(refname)%00%(upstream:short)%00%(objectname)%00%(upstream:track)%00%(upstream:remotename)%00%(upstream:remoteref) refs/heads/main refs/remotes/main [3ms]
2025-03-20 20:08:25.609 [info] > git status -z -uall [8ms]
2025-03-20 20:08:25.609 [info] > git for-each-ref --sort -committerdate --format %(refname) %(objectname) %(*objectname) [3ms]
2025-03-20 20:08:30.627 [info] > git config --get commit.template [7ms]
2025-03-20 20:08:30.628 [info] > git for-each-ref --format=%(refname)%00%(upstream:short)%00%(objectname)%00%(upstream:track)%00%(upstream:remotename)%00%(upstream:remoteref) refs/heads/main refs/remotes/main [2ms]
2025-03-20 20:08:30.643 [info] > git status -z -uall [7ms]
2025-03-20 20:08:30.645 [info] > git for-each-ref --sort -committerdate --format %(refname) %(objectname) %(*objectname) [2ms]
2025-03-20 20:08:35.657 [info] > git config --get commit.template [2ms]
2025-03-20 20:08:35.666 [info] > git for-each-ref --format=%(refname)%00%(upstream:short)%00%(objectname)%00%(upstream:track)%00%(upstream:remotename)%00%(upstream:remoteref) refs/heads/main refs/remotes/main [2ms]
2025-03-20 20:08:35.681 [info] > git status -z -uall [8ms]
2025-03-20 20:08:35.682 [info] > git for-each-ref --sort -committerdate --format %(refname) %(objectname) %(*objectname) [2ms]
2025-03-20 20:08:40.701 [info] > git config --get commit.template [8ms]
2025-03-20 20:08:40.702 [info] > git for-each-ref --format=%(refname)%00%(upstream:short)%00%(objectname)%00%(upstream:track)%00%(upstream:remotename)%00%(upstream:remoteref) refs/heads/main refs/remotes/main [2ms]
2025-03-20 20:08:40.720 [info] > git status -z -uall [10ms]
2025-03-20 20:08:40.720 [info] > git for-each-ref --sort -committerdate --format %(refname) %(objectname) %(*objectname) [3ms]
2025-03-20 20:08:45.739 [info] > git config --get commit.template [8ms]
2025-03-20 20:08:45.741 [info] > git for-each-ref --format=%(refname)%00%(upstream:short)%00%(objectname)%00%(upstream:track)%00%(upstream:remotename)%00%(upstream:remoteref) refs/heads/main refs/remotes/main [3ms]
2025-03-20 20:08:45.756 [info] > git status -z -uall [8ms]
2025-03-20 20:08:45.757 [info] > git for-each-ref --sort -committerdate --format %(refname) %(objectname) %(*objectname) [2ms]
2025-03-20 20:08:50.777 [info] > git config --get commit.template [8ms]
2025-03-20 20:08:50.778 [info] > git for-each-ref --format=%(refname)%00%(upstream:short)%00%(objectname)%00%(upstream:track)%00%(upstream:remotename)%00%(upstream:remoteref) refs/heads/main refs/remotes/main [2ms]
2025-03-20 20:08:50.801 [info] > git status -z -uall [9ms]
2025-03-20 20:08:50.802 [info] > git for-each-ref --sort -committerdate --format %(refname) %(objectname) %(*objectname) [3ms]
2025-03-20 20:08:55.819 [info] > git config --get commit.template [8ms]
2025-03-20 20:08:55.821 [info] > git for-each-ref --format=%(refname)%00%(upstream:short)%00%(objectname)%00%(upstream:track)%00%(upstream:remotename)%00%(upstream:remoteref) refs/heads/main refs/remotes/main [2ms]
2025-03-20 20:08:55.838 [info] > git status -z -uall [8ms]
2025-03-20 20:08:55.839 [info] > git for-each-ref --sort -committerdate --format %(refname) %(objectname) %(*objectname) [2ms]
2025-03-20 20:09:00.857 [info] > git config --get commit.template [7ms]
2025-03-20 20:09:00.858 [info] > git for-each-ref --format=%(refname)%00%(upstream:short)%00%(objectname)%00%(upstream:track)%00%(upstream:remotename)%00%(upstream:remoteref) refs/heads/main refs/remotes/main [2ms]
2025-03-20 20:09:00.878 [info] > git status -z -uall [8ms]
2025-03-20 20:09:00.880 [info] > git for-each-ref --sort -committerdate --format %(refname) %(objectname) %(*objectname) [3ms]
2025-03-20 20:09:05.898 [info] > git config --get commit.template [8ms]
2025-03-20 20:09:05.900 [info] > git for-each-ref --format=%(refname)%00%(upstream:short)%00%(objectname)%00%(upstream:track)%00%(upstream:remotename)%00%(upstream:remoteref) refs/heads/main refs/remotes/main [2ms]
2025-03-20 20:09:05.921 [info] > git status -z -uall [11ms]
2025-03-20 20:09:05.922 [info] > git for-each-ref --sort -committerdate --format %(refname) %(objectname) %(*objectname) [4ms]
2025-03-20 20:09:10.940 [info] > git config --get commit.template [8ms]
2025-03-20 20:09:10.941 [info] > git for-each-ref --format=%(refname)%00%(upstream:short)%00%(objectname)%00%(upstream:track)%00%(upstream:remotename)%00%(upstream:remoteref) refs/heads/main refs/remotes/main [2ms]
2025-03-20 20:09:10.957 [info] > git status -z -uall [7ms]
2025-03-20 20:09:10.959 [info] > git for-each-ref --sort -committerdate --format %(refname) %(objectname) %(*objectname) [2ms]
2025-03-20 20:09:15.979 [info] > git config --get commit.template [10ms]
2025-03-20 20:09:15.979 [info] > git for-each-ref --format=%(refname)%00%(upstream:short)%00%(objectname)%00%(upstream:track)%00%(upstream:remotename)%00%(upstream:remoteref) refs/heads/main refs/remotes/main [3ms]
2025-03-20 20:09:16.000 [info] > git status -z -uall [7ms]
2025-03-20 20:09:16.001 [info] > git for-each-ref --sort -committerdate --format %(refname) %(objectname) %(*objectname) [2ms]
2025-03-20 20:09:21.020 [info] > git config --get commit.template [7ms]
2025-03-20 20:09:21.021 [info] > git for-each-ref --format=%(refname)%00%(upstream:short)%00%(objectname)%00%(upstream:track)%00%(upstream:remotename)%00%(upstream:remoteref) refs/heads/main refs/remotes/main [2ms]
2025-03-20 20:09:21.044 [info] > git status -z -uall [8ms]
2025-03-20 20:09:21.047 [info] > git for-each-ref --sort -committerdate --format %(refname) %(objectname) %(*objectname) [4ms]
2025-03-20 20:09:26.066 [info] > git config --get commit.template [9ms]
2025-03-20 20:09:26.067 [info] > git for-each-ref --format=%(refname)%00%(upstream:short)%00%(objectname)%00%(upstream:track)%00%(upstream:remotename)%00%(upstream:remoteref) refs/heads/main refs/remotes/main [2ms]
2025-03-20 20:09:26.086 [info] > git status -z -uall [8ms]
2025-03-20 20:09:26.087 [info] > git for-each-ref --sort -committerdate --format %(refname) %(objectname) %(*objectname) [2ms]
2025-03-20 20:09:31.100 [info] > git config --get commit.template [3ms]
2025-03-20 20:09:31.109 [info] > git for-each-ref --format=%(refname)%00%(upstream:short)%00%(objectname)%00%(upstream:track)%00%(upstream:remotename)%00%(upstream:remoteref) refs/heads/main refs/remotes/main [2ms]
2025-03-20 20:09:31.124 [info] > git status -z -uall [8ms]
2025-03-20 20:09:31.125 [info] > git for-each-ref --sort -committerdate --format %(refname) %(objectname) %(*objectname) [2ms]
2025-03-20 20:09:36.144 [info] > git config --get commit.template [7ms]
2025-03-20 20:09:36.145 [info] > git for-each-ref --format=%(refname)%00%(upstream:short)%00%(objectname)%00%(upstream:track)%00%(upstream:remotename)%00%(upstream:remoteref) refs/heads/main refs/remotes/main [2ms]
2025-03-20 20:09:36.177 [info] > git status -z -uall [10ms]
2025-03-20 20:09:36.178 [info] > git for-each-ref --sort -committerdate --format %(refname) %(objectname) %(*objectname) [4ms]
2025-03-20 20:09:41.196 [info] > git config --get commit.template [8ms]
2025-03-20 20:09:41.198 [info] > git for-each-ref --format=%(refname)%00%(upstream:short)%00%(objectname)%00%(upstream:track)%00%(upstream:remotename)%00%(upstream:remoteref) refs/heads/main refs/remotes/main [3ms]
2025-03-20 20:09:41.214 [info] > git status -z -uall [9ms]
2025-03-20 20:09:41.216 [info] > git for-each-ref --sort -committerdate --format %(refname) %(objectname) %(*objectname) [3ms]
2025-03-20 20:09:46.233 [info] > git config --get commit.template [8ms]
2025-03-20 20:09:46.234 [info] > git for-each-ref --format=%(refname)%00%(upstream:short)%00%(objectname)%00%(upstream:track)%00%(upstream:remotename)%00%(upstream:remoteref) refs/heads/main refs/remotes/main [2ms]
2025-03-20 20:09:46.257 [info] > git status -z -uall [8ms]
2025-03-20 20:09:46.258 [info] > git for-each-ref --sort -committerdate --format %(refname) %(objectname) %(*objectname) [2ms]
2025-03-20 20:09:52.773 [info] > git config --get commit.template [8ms]
2025-03-20 20:09:52.775 [info] > git for-each-ref --format=%(refname)%00%(upstream:short)%00%(objectname)%00%(upstream:track)%00%(upstream:remotename)%00%(upstream:remoteref) refs/heads/main refs/remotes/main [3ms]
2025-03-20 20:09:52.790 [info] > git status -z -uall [8ms]
2025-03-20 20:09:52.792 [info] > git for-each-ref --sort -committerdate --format %(refname) %(objectname) %(*objectname) [3ms]
2025-03-20 20:09:57.810 [info] > git config --get commit.template [8ms]
2025-03-20 20:09:57.811 [info] > git for-each-ref --format=%(refname)%00%(upstream:short)%00%(objectname)%00%(upstream:track)%00%(upstream:remotename)%00%(upstream:remoteref) refs/heads/main refs/remotes/main [2ms]
2025-03-20 20:09:57.826 [info] > git status -z -uall [8ms]
2025-03-20 20:09:57.828 [info] > git for-each-ref --sort -committerdate --format %(refname) %(objectname) %(*objectname) [3ms]
2025-03-20 20:10:03.783 [info] > git config --get commit.template [3ms]
2025-03-20 20:10:03.796 [info] > git for-each-ref --format=%(refname)%00%(upstream:short)%00%(objectname)%00%(upstream:track)%00%(upstream:remotename)%00%(upstream:remoteref) refs/heads/main refs/remotes/main [3ms]
2025-03-20 20:10:03.818 [info] > git status -z -uall [11ms]
2025-03-20 20:10:03.820 [info] > git for-each-ref --sort -committerdate --format %(refname) %(objectname) %(*objectname) [2ms]
2025-03-20 20:10:08.840 [info] > git config --get commit.template [8ms]
2025-03-20 20:10:08.841 [info] > git for-each-ref --format=%(refname)%00%(upstream:short)%00%(objectname)%00%(upstream:track)%00%(upstream:remotename)%00%(upstream:remoteref) refs/heads/main refs/remotes/main [3ms]
2025-03-20 20:10:08.859 [info] > git status -z -uall [7ms]
2025-03-20 20:10:08.860 [info] > git for-each-ref --sort -committerdate --format %(refname) %(objectname) %(*objectname) [2ms]
2025-03-20 20:10:13.879 [info] > git config --get commit.template [7ms]
2025-03-20 20:10:13.881 [info] > git for-each-ref --format=%(refname)%00%(upstream:short)%00%(objectname)%00%(upstream:track)%00%(upstream:remotename)%00%(upstream:remoteref) refs/heads/main refs/remotes/main [2ms]
2025-03-20 20:10:13.903 [info] > git status -z -uall [8ms]
2025-03-20 20:10:13.905 [info] > git for-each-ref --sort -committerdate --format %(refname) %(objectname) %(*objectname) [3ms]
2025-03-20 20:10:20.532 [info] > git config --get commit.template [2ms]
2025-03-20 20:10:20.541 [info] > git for-each-ref --format=%(refname)%00%(upstream:short)%00%(objectname)%00%(upstream:track)%00%(upstream:remotename)%00%(upstream:remoteref) refs/heads/main refs/remotes/main [2ms]
2025-03-20 20:10:20.556 [info] > git status -z -uall [8ms]
2025-03-20 20:10:20.557 [info] > git for-each-ref --sort -committerdate --format %(refname) %(objectname) %(*objectname) [2ms]
2025-03-20 20:13:01.269 [info] > git config --get commit.template [9ms]
2025-03-20 20:13:01.271 [info] > git for-each-ref --format=%(refname)%00%(upstream:short)%00%(objectname)%00%(upstream:track)%00%(upstream:remotename)%00%(upstream:remoteref) refs/heads/main refs/remotes/main [3ms]
2025-03-20 20:13:01.286 [info] > git status -z -uall [8ms]
2025-03-20 20:13:01.288 [info] > git for-each-ref --sort -committerdate --format %(refname) %(objectname) %(*objectname) [3ms]
2025-03-20 20:13:06.306 [info] > git config --get commit.template [8ms]
2025-03-20 20:13:06.307 [info] > git for-each-ref --format=%(refname)%00%(upstream:short)%00%(objectname)%00%(upstream:track)%00%(upstream:remotename)%00%(upstream:remoteref) refs/heads/main refs/remotes/main [2ms]
2025-03-20 20:13:06.323 [info] > git status -z -uall [7ms]
2025-03-20 20:13:06.324 [info] > git for-each-ref --sort -committerdate --format %(refname) %(objectname) %(*objectname) [2ms]
2025-03-20 20:13:11.341 [info] > git config --get commit.template [8ms]
2025-03-20 20:13:11.343 [info] > git for-each-ref --format=%(refname)%00%(upstream:short)%00%(objectname)%00%(upstream:track)%00%(upstream:remotename)%00%(upstream:remoteref) refs/heads/main refs/remotes/main [3ms]
2025-03-20 20:13:11.361 [info] > git status -z -uall [9ms]
2025-03-20 20:13:11.363 [info] > git for-each-ref --sort -committerdate --format %(refname) %(objectname) %(*objectname) [3ms]
2025-03-20 20:13:16.376 [info] > git config --get commit.template [3ms]
2025-03-20 20:13:16.385 [info] > git for-each-ref --format=%(refname)%00%(upstream:short)%00%(objectname)%00%(upstream:track)%00%(upstream:remotename)%00%(upstream:remoteref) refs/heads/main refs/remotes/main [2ms]
2025-03-20 20:13:16.402 [info] > git status -z -uall [9ms]
2025-03-20 20:13:16.404 [info] > git for-each-ref --sort -committerdate --format %(refname) %(objectname) %(*objectname) [3ms]
2025-03-20 20:13:21.424 [info] > git config --get commit.template [10ms]
2025-03-20 20:13:21.425 [info] > git for-each-ref --format=%(refname)%00%(upstream:short)%00%(objectname)%00%(upstream:track)%00%(upstream:remotename)%00%(upstream:remoteref) refs/heads/main refs/remotes/main [2ms]
2025-03-20 20:13:21.440 [info] > git status -z -uall [7ms]
2025-03-20 20:13:21.441 [info] > git for-each-ref --sort -committerdate --format %(refname) %(objectname) %(*objectname) [2ms]
2025-03-20 20:13:26.462 [info] > git config --get commit.template [10ms]
2025-03-20 20:13:26.462 [info] > git for-each-ref --format=%(refname)%00%(upstream:short)%00%(objectname)%00%(upstream:track)%00%(upstream:remotename)%00%(upstream:remoteref) refs/heads/main refs/remotes/main [3ms]
2025-03-20 20:13:26.477 [info] > git status -z -uall [8ms]
2025-03-20 20:13:26.479 [info] > git for-each-ref --sort -committerdate --format %(refname) %(objectname) %(*objectname) [3ms]
2025-03-20 20:16:22.110 [info] > git config --get commit.template [8ms]
2025-03-20 20:16:22.112 [info] > git for-each-ref --format=%(refname)%00%(upstream:short)%00%(objectname)%00%(upstream:track)%00%(upstream:remotename)%00%(upstream:remoteref) refs/heads/main refs/remotes/main [2ms]
2025-03-20 20:16:22.127 [info] > git status -z -uall [8ms]
2025-03-20 20:16:22.128 [info] > git for-each-ref --sort -committerdate --format %(refname) %(objectname) %(*objectname) [2ms]
2025-03-20 20:21:58.256 [info] > git config --get commit.template [3ms]
2025-03-20 20:21:58.265 [info] > git for-each-ref --format=%(refname)%00%(upstream:short)%00%(objectname)%00%(upstream:track)%00%(upstream:remotename)%00%(upstream:remoteref) refs/heads/main refs/remotes/main [2ms]
2025-03-20 20:21:58.280 [info] > git status -z -uall [8ms]
2025-03-20 20:21:58.281 [info] > git for-each-ref --sort -committerdate --format %(refname) %(objectname) %(*objectname) [2ms]
2025-03-20 20:22:03.307 [info] > git config --get commit.template [12ms]
2025-03-20 20:22:03.309 [info] > git for-each-ref --format=%(refname)%00%(upstream:short)%00%(objectname)%00%(upstream:track)%00%(upstream:remotename)%00%(upstream:remoteref) refs/heads/main refs/remotes/main [3ms]
2025-03-20 20:22:03.333 [info] > git status -z -uall [12ms]
2025-03-20 20:22:03.334 [info] > git for-each-ref --sort -committerdate --format %(refname) %(objectname) %(*objectname) [3ms]
2025-03-20 20:22:08.354 [info] > git config --get commit.template [8ms]
2025-03-20 20:22:08.355 [info] > git for-each-ref --format=%(refname)%00%(upstream:short)%00%(objectname)%00%(upstream:track)%00%(upstream:remotename)%00%(upstream:remoteref) refs/heads/main refs/remotes/main [2ms]
2025-03-20 20:22:08.371 [info] > git status -z -uall [8ms]
2025-03-20 20:22:08.373 [info] > git for-each-ref --sort -committerdate --format %(refname) %(objectname) %(*objectname) [3ms]
2025-03-20 20:22:13.391 [info] > git config --get commit.template [8ms]
2025-03-20 20:22:13.393 [info] > git for-each-ref --format=%(refname)%00%(upstream:short)%00%(objectname)%00%(upstream:track)%00%(upstream:remotename)%00%(upstream:remoteref) refs/heads/main refs/remotes/main [2ms]
2025-03-20 20:22:13.409 [info] > git status -z -uall [8ms]
2025-03-20 20:22:13.411 [info] > git for-each-ref --sort -committerdate --format %(refname) %(objectname) %(*objectname) [2ms]
2025-03-20 20:22:22.746 [info] > git config --get commit.template [2ms]
2025-03-20 20:22:22.755 [info] > git for-each-ref --format=%(refname)%00%(upstream:short)%00%(objectname)%00%(upstream:track)%00%(upstream:remotename)%00%(upstream:remoteref) refs/heads/main refs/remotes/main [2ms]
2025-03-20 20:22:22.770 [info] > git status -z -uall [8ms]
2025-03-20 20:22:22.772 [info] > git for-each-ref --sort -committerdate --format %(refname) %(objectname) %(*objectname) [3ms]
2025-03-20 20:22:27.790 [info] > git config --get commit.template [8ms]
2025-03-20 20:22:27.791 [info] > git for-each-ref --format=%(refname)%00%(upstream:short)%00%(objectname)%00%(upstream:track)%00%(upstream:remotename)%00%(upstream:remoteref) refs/heads/main refs/remotes/main [2ms]
2025-03-20 20:22:27.808 [info] > git status -z -uall [9ms]
2025-03-20 20:22:27.809 [info] > git for-each-ref --sort -committerdate --format %(refname) %(objectname) %(*objectname) [3ms]
2025-03-20 20:22:32.827 [info] > git config --get commit.template [8ms]
2025-03-20 20:22:32.829 [info] > git for-each-ref --format=%(refname)%00%(upstream:short)%00%(objectname)%00%(upstream:track)%00%(upstream:remotename)%00%(upstream:remoteref) refs/heads/main refs/remotes/main [3ms]
2025-03-20 20:22:32.844 [info] > git status -z -uall [7ms]
2025-03-20 20:22:32.845 [info] > git for-each-ref --sort -committerdate --format %(refname) %(objectname) %(*objectname) [2ms]
2025-03-20 20:22:37.863 [info] > git config --get commit.template [9ms]
2025-03-20 20:22:37.864 [info] > git for-each-ref --format=%(refname)%00%(upstream:short)%00%(objectname)%00%(upstream:track)%00%(upstream:remotename)%00%(upstream:remoteref) refs/heads/main refs/remotes/main [2ms]
2025-03-20 20:22:37.880 [info] > git status -z -uall [7ms]
2025-03-20 20:22:37.881 [info] > git for-each-ref --sort -committerdate --format %(refname) %(objectname) %(*objectname) [2ms]
2025-03-20 20:22:42.900 [info] > git config --get commit.template [7ms]
2025-03-20 20:22:42.901 [info] > git for-each-ref --format=%(refname)%00%(upstream:short)%00%(objectname)%00%(upstream:track)%00%(upstream:remotename)%00%(upstream:remoteref) refs/heads/main refs/remotes/main [2ms]
2025-03-20 20:22:42.916 [info] > git status -z -uall [8ms]
2025-03-20 20:22:42.917 [info] > git for-each-ref --sort -committerdate --format %(refname) %(objectname) %(*objectname) [2ms]
2025-03-20 20:23:47.077 [info] > git config --get commit.template [8ms]
2025-03-20 20:23:47.078 [info] > git for-each-ref --format=%(refname)%00%(upstream:short)%00%(objectname)%00%(upstream:track)%00%(upstream:remotename)%00%(upstream:remoteref) refs/heads/main refs/remotes/main [2ms]
2025-03-20 20:23:47.093 [info] > git status -z -uall [7ms]
2025-03-20 20:23:47.095 [info] > git for-each-ref --sort -committerdate --format %(refname) %(objectname) %(*objectname) [2ms]
2025-03-20 20:23:52.108 [info] > git config --get commit.template [3ms]
2025-03-20 20:23:52.117 [info] > git for-each-ref --format=%(refname)%00%(upstream:short)%00%(objectname)%00%(upstream:track)%00%(upstream:remotename)%00%(upstream:remoteref) refs/heads/main refs/remotes/main [2ms]
2025-03-20 20:23:52.132 [info] > git status -z -uall [8ms]
2025-03-20 20:23:52.134 [info] > git for-each-ref --sort -committerdate --format %(refname) %(objectname) %(*objectname) [3ms]
2025-03-20 20:23:57.924 [info] > git config --get commit.template [2ms]
2025-03-20 20:23:57.933 [info] > git for-each-ref --format=%(refname)%00%(upstream:short)%00%(objectname)%00%(upstream:track)%00%(upstream:remotename)%00%(upstream:remoteref) refs/heads/main refs/remotes/main [2ms]
2025-03-20 20:23:57.948 [info] > git status -z -uall [8ms]
2025-03-20 20:23:57.949 [info] > git for-each-ref --sort -committerdate --format %(refname) %(objectname) %(*objectname) [2ms]
2025-03-20 20:24:00.288 [info] > git check-ignore -v -z --stdin [2ms]
2025-03-20 20:24:02.962 [info] > git check-ignore -v -z --stdin [9ms]
2025-03-20 20:24:02.963 [info] > git config --get commit.template [2ms]
2025-03-20 20:24:02.972 [info] > git for-each-ref --format=%(refname)%00%(upstream:short)%00%(objectname)%00%(upstream:track)%00%(upstream:remotename)%00%(upstream:remoteref) refs/heads/main refs/remotes/main [2ms]
2025-03-20 20:24:02.987 [info] > git status -z -uall [8ms]
2025-03-20 20:24:02.989 [info] > git for-each-ref --sort -committerdate --format %(refname) %(objectname) %(*objectname) [2ms]
2025-03-20 20:24:15.422 [info] > git config --get commit.template [8ms]
2025-03-20 20:24:15.423 [info] > git for-each-ref --format=%(refname)%00%(upstream:short)%00%(objectname)%00%(upstream:track)%00%(upstream:remotename)%00%(upstream:remoteref) refs/heads/main refs/remotes/main [2ms]
2025-03-20 20:24:15.438 [info] > git status -z -uall [7ms]
2025-03-20 20:24:15.440 [info] > git for-each-ref --sort -committerdate --format %(refname) %(objectname) %(*objectname) [2ms]
2025-03-20 20:24:19.094 [info] > git check-ignore -v -z --stdin [2ms]
2025-03-20 20:24:20.453 [info] > git config --get commit.template [2ms]
2025-03-20 20:24:20.462 [info] > git for-each-ref --format=%(refname)%00%(upstream:short)%00%(objectname)%00%(upstream:track)%00%(upstream:remotename)%00%(upstream:remoteref) refs/heads/main refs/remotes/main [3ms]
2025-03-20 20:24:20.477 [info] > git status -z -uall [8ms]
2025-03-20 20:24:20.479 [info] > git for-each-ref --sort -committerdate --format %(refname) %(objectname) %(*objectname) [2ms]
2025-03-20 20:24:21.530 [info] > git show --textconv :aidemy-bootstrap/planner/book.py [10ms]
2025-03-20 20:24:21.531 [info] > git ls-files --stage -- /home/akshaycanodia/aidemy-bootstrap/planner/book.py [4ms]
2025-03-20 20:25:19.088 [info] > git config --get commit.template [8ms]
2025-03-20 20:25:19.089 [info] > git for-each-ref --format=%(refname)%00%(upstream:short)%00%(objectname)%00%(upstream:track)%00%(upstream:remotename)%00%(upstream:remoteref) refs/heads/main refs/remotes/main [2ms]
2025-03-20 20:25:19.105 [info] > git status -z -uall [8ms]
2025-03-20 20:25:19.107 [info] > git for-each-ref --sort -committerdate --format %(refname) %(objectname) %(*objectname) [2ms]
2025-03-20 20:25:24.127 [info] > git config --get commit.template [9ms]
2025-03-20 20:25:24.128 [info] > git for-each-ref --format=%(refname)%00%(upstream:short)%00%(objectname)%00%(upstream:track)%00%(upstream:remotename)%00%(upstream:remoteref) refs/heads/main refs/remotes/main [2ms]
2025-03-20 20:25:24.144 [info] > git status -z -uall [8ms]
2025-03-20 20:25:24.146 [info] > git for-each-ref --sort -committerdate --format %(refname) %(objectname) %(*objectname) [3ms]
2025-03-20 20:25:48.147 [info] > git config --get commit.template [8ms]
2025-03-20 20:25:48.149 [info] > git for-each-ref --format=%(refname)%00%(upstream:short)%00%(objectname)%00%(upstream:track)%00%(upstream:remotename)%00%(upstream:remoteref) refs/heads/main refs/remotes/main [3ms]
2025-03-20 20:25:48.166 [info] > git status -z -uall [8ms]
2025-03-20 20:25:48.167 [info] > git for-each-ref --sort -committerdate --format %(refname) %(objectname) %(*objectname) [3ms]
2025-03-20 20:25:53.187 [info] > git config --get commit.template [9ms]
2025-03-20 20:25:53.189 [info] > git for-each-ref --format=%(refname)%00%(upstream:short)%00%(objectname)%00%(upstream:track)%00%(upstream:remotename)%00%(upstream:remoteref) refs/heads/main refs/remotes/main [2ms]
2025-03-20 20:25:53.208 [info] > git status -z -uall [9ms]
2025-03-20 20:25:53.209 [info] > git for-each-ref --sort -committerdate --format %(refname) %(objectname) %(*objectname) [2ms]
2025-03-20 20:26:02.520 [info] > git config --get commit.template [8ms]
2025-03-20 20:26:02.522 [info] > git for-each-ref --format=%(refname)%00%(upstream:short)%00%(objectname)%00%(upstream:track)%00%(upstream:remotename)%00%(upstream:remoteref) refs/heads/main refs/remotes/main [3ms]
2025-03-20 20:26:02.538 [info] > git status -z -uall [8ms]
2025-03-20 20:26:02.540 [info] > git for-each-ref --sort -committerdate --format %(refname) %(objectname) %(*objectname) [3ms]
2025-03-20 20:26:05.545 [info] > git check-ignore -v -z --stdin [3ms]
2025-03-20 20:26:07.561 [info] > git config --get commit.template [9ms]
2025-03-20 20:26:07.562 [info] > git for-each-ref --format=%(refname)%00%(upstream:short)%00%(objectname)%00%(upstream:track)%00%(upstream:remotename)%00%(upstream:remoteref) refs/heads/main refs/remotes/main [2ms]
2025-03-20 20:26:07.579 [info] > git status -z -uall [9ms]
2025-03-20 20:26:07.581 [info] > git for-each-ref --sort -committerdate --format %(refname) %(objectname) %(*objectname) [3ms]
2025-03-20 20:26:12.600 [info] > git config --get commit.template [9ms]
2025-03-20 20:26:12.601 [info] > git for-each-ref --format=%(refname)%00%(upstream:short)%00%(objectname)%00%(upstream:track)%00%(upstream:remotename)%00%(upstream:remoteref) refs/heads/main refs/remotes/main [2ms]
2025-03-20 20:26:12.619 [info] > git status -z -uall [8ms]
2025-03-20 20:26:12.621 [info] > git for-each-ref --sort -committerdate --format %(refname) %(objectname) %(*objectname) [3ms]
2025-03-20 20:26:17.635 [info] > git config --get commit.template [2ms]
2025-03-20 20:26:17.645 [info] > git for-each-ref --format=%(refname)%00%(upstream:short)%00%(objectname)%00%(upstream:track)%00%(upstream:remotename)%00%(upstream:remoteref) refs/heads/main refs/remotes/main [2ms]
2025-03-20 20:26:17.663 [info] > git for-each-ref --sort -committerdate --format %(refname) %(objectname) %(*objectname) [2ms]
2025-03-20 20:26:17.665 [info] > git status -z -uall [12ms]
2025-03-20 20:26:22.429 [info] > git check-ignore -v -z --stdin [1ms]
2025-03-20 20:26:22.688 [info] > git config --get commit.template [9ms]
2025-03-20 20:26:22.689 [info] > git for-each-ref --format=%(refname)%00%(upstream:short)%00%(objectname)%00%(upstream:track)%00%(upstream:remotename)%00%(upstream:remoteref) refs/heads/main refs/remotes/main [2ms]
2025-03-20 20:26:22.712 [info] > git status -z -uall [14ms]
2025-03-20 20:26:22.713 [info] > git for-each-ref --sort -committerdate --format %(refname) %(objectname) %(*objectname) [2ms]
2025-03-20 20:26:23.581 [info] > git show --textconv :aidemy-bootstrap/README.md [12ms]
2025-03-20 20:26:23.582 [info] > git ls-files --stage -- /home/akshaycanodia/aidemy-bootstrap/README.md [4ms]
2025-03-20 20:26:27.739 [info] > git config --get commit.template [8ms]
2025-03-20 20:26:27.740 [info] > git for-each-ref --format=%(refname)%00%(upstream:short)%00%(objectname)%00%(upstream:track)%00%(upstream:remotename)%00%(upstream:remoteref) refs/heads/main refs/remotes/main [2ms]
2025-03-20 20:26:27.760 [info] > git for-each-ref --sort -committerdate --format %(refname) %(objectname) %(*objectname) [3ms]
2025-03-20 20:26:27.763 [info] > git status -z -uall [16ms]
2025-03-20 20:26:32.791 [info] > git config --get commit.template [8ms]
2025-03-20 20:26:32.793 [info] > git for-each-ref --format=%(refname)%00%(upstream:short)%00%(objectname)%00%(upstream:track)%00%(upstream:remotename)%00%(upstream:remoteref) refs/heads/main refs/remotes/main [2ms]
2025-03-20 20:26:32.813 [info] > git for-each-ref --sort -committerdate --format %(refname) %(objectname) %(*objectname) [2ms]
2025-03-20 20:26:32.819 [info] > git status -z -uall [19ms]
2025-03-20 20:26:37.557 [info] > git check-ignore -v -z --stdin [2ms]
2025-03-20 20:26:38.392 [info] > git config --get commit.template [3ms]
2025-03-20 20:26:38.401 [info] > git for-each-ref --format=%(refname)%00%(upstream:short)%00%(objectname)%00%(upstream:track)%00%(upstream:remotename)%00%(upstream:remoteref) refs/heads/main refs/remotes/main [2ms]
2025-03-20 20:26:38.418 [info] > git for-each-ref --sort -committerdate --format %(refname) %(objectname) %(*objectname) [3ms]
2025-03-20 20:26:38.429 [info] > git status -z -uall [21ms]
2025-03-20 20:26:38.912 [info] > git show --textconv :README.md [31ms]
2025-03-20 20:26:38.912 [info] > git ls-files --stage -- /home/akshaycanodia/README.md [24ms]
2025-03-20 20:26:43.458 [info] > git config --get commit.template [9ms]
2025-03-20 20:26:43.460 [info] > git for-each-ref --format=%(refname)%00%(upstream:short)%00%(objectname)%00%(upstream:track)%00%(upstream:remotename)%00%(upstream:remoteref) refs/heads/main refs/remotes/main [3ms]
2025-03-20 20:26:43.479 [info] > git for-each-ref --sort -committerdate --format %(refname) %(objectname) %(*objectname) [3ms]
2025-03-20 20:26:43.491 [info] > git status -z -uall [24ms]
2025-03-20 20:26:48.518 [info] > git config --get commit.template [9ms]
2025-03-20 20:26:48.520 [info] > git for-each-ref --format=%(refname)%00%(upstream:short)%00%(objectname)%00%(upstream:track)%00%(upstream:remotename)%00%(upstream:remoteref) refs/heads/main refs/remotes/main [2ms]
2025-03-20 20:26:48.539 [info] > git for-each-ref --sort -committerdate --format %(refname) %(objectname) %(*objectname) [2ms]
2025-03-20 20:26:48.551 [info] > git status -z -uall [24ms]
2025-03-20 20:26:56.705 [info] > git config --get commit.template [9ms]
2025-03-20 20:26:56.706 [info] > git for-each-ref --format=%(refname)%00%(upstream:short)%00%(objectname)%00%(upstream:track)%00%(upstream:remotename)%00%(upstream:remoteref) refs/heads/main refs/remotes/main [2ms]
2025-03-20 20:26:56.727 [info] > git for-each-ref --sort -committerdate --format %(refname) %(objectname) %(*objectname) [3ms]
2025-03-20 20:26:56.739 [info] > git status -z -uall [25ms]
