2025-03-20 20:27:07.510 [info] Reading sessions from keychain...
2025-03-20 20:27:07.510 [info] Getting sessions for all scopes...
2025-03-20 20:27:07.510 [info] Got 0 sessions for ...
2025-03-20 20:27:07.739 [info] Getting sessions for read:user,repo,user:email,workflow...
2025-03-20 20:27:07.739 [info] Got 0 sessions for read:user,repo,user:email,workflow...
2025-03-20 20:39:17.069 [info] Getting sessions for read:user,repo,user:email,workflow...
2025-03-20 20:39:17.069 [info] Got 0 sessions for read:user,repo,user:email,workflow...
2025-03-20 20:39:18.673 [info] Logging in with 'any' account...
2025-03-20 20:39:18.673 [info] Logging in for the following scopes: read:user repo user:email workflow
2025-03-20 20:39:18.746 [info] Trying device code flow... (read:user repo user:email workflow)
2025-03-20 20:39:38.095 [info] Getting user info...
2025-03-20 20:39:38.341 [info] Got account info!
2025-03-20 20:39:38.342 [info] Storing 1 sessions...
2025-03-20 20:39:38.382 [info] Reading sessions from keychain...
2025-03-20 20:39:38.382 [info] Stored 1 sessions!
2025-03-20 20:39:38.382 [info] Login success!
2025-03-20 20:39:38.425 [info] Got stored sessions!
2025-03-20 20:39:38.425 [info] Got 1 verified sessions.
2025-03-20 20:39:38.798 [info] Getting sessions for read:user,repo,user:email,workflow...
2025-03-20 20:39:38.798 [info] Got 1 sessions for read:user,repo,user:email,workflow...
