2025-03-20 20:27:05.383 [info] [main] Log level: Info
2025-03-20 20:27:05.383 [info] [main] Validating found git in: "git"
2025-03-20 20:27:05.383 [info] [main] Using git "2.43.0" from "git"
2025-03-20 20:27:05.383 [info] [Model][doInitialScan] Initial repository scan started
2025-03-20 20:27:05.383 [info] > git rev-parse --show-toplevel [48ms]
2025-03-20 20:27:05.383 [info] > git rev-parse --git-dir --git-common-dir [138ms]
2025-03-20 20:27:05.383 [info] [Model][openRepository] Opened repository: /home/akshaycanodia
2025-03-20 20:27:05.383 [info] > git config --get commit.template [60ms]
2025-03-20 20:27:05.437 [info] > git for-each-ref --format=%(refname)%00%(upstream:short)%00%(objectname)%00%(upstream:track)%00%(upstream:remotename)%00%(upstream:remoteref) refs/heads/main refs/remotes/main [45ms]
2025-03-20 20:27:05.440 [info] > git rev-parse --show-toplevel [21ms]
2025-03-20 20:27:05.451 [info] > git rev-parse --show-toplevel [4ms]
2025-03-20 20:27:05.480 [info] > git for-each-ref --sort -committerdate --format %(refname) %(objectname) %(*objectname) [6ms]
2025-03-20 20:27:05.482 [info] > git rev-parse --show-toplevel [24ms]
2025-03-20 20:27:05.496 [info] > git rev-parse --show-toplevel [8ms]
2025-03-20 20:27:05.505 [info] > git rev-parse --show-toplevel [3ms]
2025-03-20 20:27:05.534 [info] > git status -z -uall [68ms]
2025-03-20 20:27:05.586 [info] > git for-each-ref --format=%(refname)%00%(upstream:short)%00%(objectname)%00%(upstream:track)%00%(upstream:remotename)%00%(upstream:remoteref) refs/heads/main refs/remotes/main [25ms]
2025-03-20 20:27:05.592 [info] > git rev-parse --show-toplevel [82ms]
2025-03-20 20:27:05.601 [info] > git config --get commit.template [31ms]
2025-03-20 20:27:05.605 [info] > git rev-parse --show-toplevel [8ms]
2025-03-20 20:27:05.606 [info] > git config --local branch.main.vscode-merge-base [15ms]
2025-03-20 20:27:05.606 [warning] [Git][config] git config failed: Failed to execute git
2025-03-20 20:27:05.812 [info] > git rev-parse --show-toplevel [192ms]
2025-03-20 20:27:05.812 [info] > git for-each-ref --format=%(refname)%00%(upstream:short)%00%(objectname)%00%(upstream:track)%00%(upstream:remotename)%00%(upstream:remoteref) refs/heads/main refs/remotes/main [196ms]
2025-03-20 20:27:05.813 [info] > git reflog main --grep-reflog=branch: Created from *. [203ms]
2025-03-20 20:27:05.858 [info] > git rev-parse --git-dir --git-common-dir [20ms]
2025-03-20 20:27:05.873 [info] [Model][openRepository] Opened repository: /home/akshaycanodia/aidemy-bootstrap
2025-03-20 20:27:05.880 [info] [Model][doInitialScan] Initial repository scan completed - repositories (2), closed repositories (0), parent repositories (0), unsafe repositories (0)
2025-03-20 20:27:05.880 [info] > git symbolic-ref --short refs/remotes/origin/HEAD [64ms]
2025-03-20 20:27:05.880 [info] fatal: ref refs/remotes/origin/HEAD is not a symbolic ref
2025-03-20 20:27:05.880 [warning] [Repository][getDefaultBranch] Failed to get default branch details: Failed to execute git.
2025-03-20 20:27:06.080 [info] > git merge-base refs/heads/main refs/remotes/origin/main [192ms]
2025-03-20 20:27:06.101 [info] > git check-ignore -v -z --stdin [12ms]
2025-03-20 20:27:06.103 [info] > git diff --name-status -z --diff-filter=ADMR 6d55c9748d5fb1587eaaa7b6198679870539cfe7...refs/remotes/origin/main [20ms]
2025-03-20 20:27:06.104 [info] > git config --get commit.template [25ms]
2025-03-20 20:27:06.110 [info] > git for-each-ref --sort -committerdate --format %(refname) %(objectname) %(*objectname) [13ms]
2025-03-20 20:27:06.127 [info] > git for-each-ref --format=%(refname)%00%(upstream:short)%00%(objectname)%00%(upstream:track)%00%(upstream:remotename)%00%(upstream:remoteref) refs/heads/main refs/remotes/main [12ms]
2025-03-20 20:27:06.131 [warning] [Git][revParse] Unable to read file: ENOENT: no such file or directory, open '/home/akshaycanodia/aidemy-bootstrap/.git/refs/remotes/origin/main'
2025-03-20 20:27:06.133 [info] > git status -z -uall [41ms]
2025-03-20 20:27:06.155 [info] > git rev-parse refs/remotes/origin/main [24ms]
2025-03-20 20:27:06.163 [info] > git status -z -uall [5ms]
2025-03-20 20:27:06.165 [info] > git for-each-ref --sort -committerdate --format %(refname) %(objectname) %(*objectname) [3ms]
2025-03-20 20:27:06.178 [info] > git for-each-ref --format=%(refname)%00%(upstream:short)%00%(objectname)%00%(upstream:track)%00%(upstream:remotename)%00%(upstream:remoteref) refs/heads/main refs/remotes/main [6ms]
2025-03-20 20:27:06.187 [info] > git config --get commit.template [10ms]
2025-03-20 20:27:06.192 [info] > git config --local branch.main.vscode-merge-base [10ms]
2025-03-20 20:27:06.192 [warning] [Git][config] git config failed: Failed to execute git
2025-03-20 20:27:06.197 [info] > git for-each-ref --format=%(refname)%00%(upstream:short)%00%(objectname)%00%(upstream:track)%00%(upstream:remotename)%00%(upstream:remoteref) refs/heads/main refs/remotes/main [7ms]
2025-03-20 20:27:06.201 [warning] [Git][revParse] Unable to read file: ENOENT: no such file or directory, open '/home/akshaycanodia/aidemy-bootstrap/.git/refs/remotes/origin/main'
2025-03-20 20:27:06.202 [info] > git reflog main --grep-reflog=branch: Created from *. [7ms]
2025-03-20 20:27:06.206 [info] > git rev-parse refs/remotes/origin/main [5ms]
2025-03-20 20:27:06.215 [info] > git status -z -uall [6ms]
2025-03-20 20:27:06.215 [info] > git symbolic-ref --short refs/remotes/origin/HEAD [10ms]
2025-03-20 20:27:06.219 [info] > git for-each-ref --sort -committerdate --format %(refname) %(objectname) %(*objectname) [6ms]
2025-03-20 20:27:06.226 [info] > git for-each-ref --format=%(refname)%00%(upstream:short)%00%(objectname)%00%(upstream:track)%00%(upstream:remotename)%00%(upstream:remoteref) refs/heads/origin/main refs/remotes/origin/main [8ms]
2025-03-20 20:27:06.231 [info] > git for-each-ref --format=%(refname)%00%(upstream:short)%00%(objectname)%00%(upstream:track)%00%(upstream:remotename)%00%(upstream:remoteref) refs/heads/main refs/remotes/main [7ms]
2025-03-20 20:27:06.236 [info] > git config --local branch.main.vscode-merge-base origin/main [6ms]
2025-03-20 20:27:06.353 [info] > git config --local branch.main.vscode-merge-base [119ms]
2025-03-20 20:27:06.361 [info] > git for-each-ref --format=%(refname)%00%(upstream:short)%00%(objectname)%00%(upstream:track)%00%(upstream:remotename)%00%(upstream:remoteref) refs/heads/origin/main refs/remotes/origin/main [3ms]
2025-03-20 20:27:06.365 [info] > git config --get commit.template [13ms]
2025-03-20 20:27:06.370 [info] > git merge-base refs/heads/main refs/remotes/origin/main [6ms]
2025-03-20 20:27:06.375 [info] > git for-each-ref --format=%(refname)%00%(upstream:short)%00%(objectname)%00%(upstream:track)%00%(upstream:remotename)%00%(upstream:remoteref) refs/heads/main refs/remotes/main [6ms]
2025-03-20 20:27:06.380 [warning] [Git][revParse] Unable to read file: ENOENT: no such file or directory, open '/home/akshaycanodia/aidemy-bootstrap/.git/refs/remotes/origin/main'
2025-03-20 20:27:06.380 [info] > git diff --name-status -z --diff-filter=ADMR aae3ba878f597bb4ef79fe6499a2527c47aa3c7f...refs/remotes/origin/main [6ms]
2025-03-20 20:27:06.382 [info] > git rev-parse refs/remotes/origin/main [3ms]
2025-03-20 20:27:06.391 [info] > git status -z -uall [6ms]
2025-03-20 20:27:06.393 [info] > git for-each-ref --sort -committerdate --format %(refname) %(objectname) %(*objectname) [3ms]
2025-03-20 20:27:07.308 [info] > git show --textconv :README.md [9ms]
2025-03-20 20:27:07.322 [info] > git ls-files --stage -- /home/akshaycanodia/README.md [16ms]
2025-03-20 20:27:10.512 [info] > git check-ignore -v -z --stdin [454ms]
2025-03-20 20:27:10.512 [info] > git check-ignore -v -z --stdin [437ms]
2025-03-20 20:27:10.534 [info] > git config --get commit.template [31ms]
2025-03-20 20:27:10.534 [info] > git config --get commit.template [46ms]
2025-03-20 20:27:10.594 [info] > git for-each-ref --format=%(refname)%00%(upstream:short)%00%(objectname)%00%(upstream:track)%00%(upstream:remotename)%00%(upstream:remoteref) refs/heads/main refs/remotes/main [21ms]
2025-03-20 20:27:10.595 [info] > git for-each-ref --format=%(refname)%00%(upstream:short)%00%(objectname)%00%(upstream:track)%00%(upstream:remotename)%00%(upstream:remoteref) refs/heads/main refs/remotes/main [35ms]
2025-03-20 20:27:10.609 [warning] [Git][revParse] Unable to read file: ENOENT: no such file or directory, open '/home/akshaycanodia/aidemy-bootstrap/.git/refs/remotes/origin/main'
2025-03-20 20:27:10.689 [info] > git rev-parse refs/remotes/origin/main [81ms]
2025-03-20 20:27:10.794 [info] > git status -z -uall [95ms]
2025-03-20 20:27:10.809 [info] > git for-each-ref --sort -committerdate --format %(refname) %(objectname) %(*objectname) [98ms]
2025-03-20 20:27:10.894 [info] > git for-each-ref --sort -committerdate --format %(refname) %(objectname) %(*objectname) [24ms]
2025-03-20 20:27:10.990 [info] > git status -z -uall [146ms]
2025-03-20 20:27:16.687 [info] > git config --get commit.template [6ms]
2025-03-20 20:27:16.688 [info] > git config --get commit.template [18ms]
2025-03-20 20:27:16.722 [info] > git for-each-ref --format=%(refname)%00%(upstream:short)%00%(objectname)%00%(upstream:track)%00%(upstream:remotename)%00%(upstream:remoteref) refs/heads/main refs/remotes/main [4ms]
2025-03-20 20:27:16.722 [info] > git for-each-ref --format=%(refname)%00%(upstream:short)%00%(objectname)%00%(upstream:track)%00%(upstream:remotename)%00%(upstream:remoteref) refs/heads/main refs/remotes/main [14ms]
2025-03-20 20:27:16.734 [warning] [Git][revParse] Unable to read file: ENOENT: no such file or directory, open '/home/akshaycanodia/aidemy-bootstrap/.git/refs/remotes/origin/main'
2025-03-20 20:27:16.737 [info] > git rev-parse refs/remotes/origin/main [4ms]
2025-03-20 20:27:16.796 [info] > git status -z -uall [50ms]
2025-03-20 20:27:16.804 [info] > git for-each-ref --sort -committerdate --format %(refname) %(objectname) %(*objectname) [9ms]
2025-03-20 20:27:16.805 [info] > git for-each-ref --sort -committerdate --format %(refname) %(objectname) %(*objectname) [45ms]
2025-03-20 20:27:16.827 [info] > git status -z -uall [52ms]
2025-03-20 20:27:21.910 [info] > git config --get commit.template [54ms]
2025-03-20 20:27:21.911 [info] > git for-each-ref --format=%(refname)%00%(upstream:short)%00%(objectname)%00%(upstream:track)%00%(upstream:remotename)%00%(upstream:remoteref) refs/heads/main refs/remotes/main [3ms]
2025-03-20 20:27:21.938 [info] > git for-each-ref --sort -committerdate --format %(refname) %(objectname) %(*objectname) [7ms]
2025-03-20 20:27:21.955 [info] > git status -z -uall [35ms]
2025-03-20 20:27:24.104 [info] > git check-ignore -v -z --stdin [2ms]
2025-03-20 20:27:24.609 [info] > git config --get commit.template [8ms]
2025-03-20 20:27:24.611 [info] > git for-each-ref --format=%(refname)%00%(upstream:short)%00%(objectname)%00%(upstream:track)%00%(upstream:remotename)%00%(upstream:remoteref) refs/heads/main refs/remotes/main [2ms]
2025-03-20 20:27:24.617 [warning] [Git][revParse] Unable to read file: ENOENT: no such file or directory, open '/home/akshaycanodia/aidemy-bootstrap/.git/refs/remotes/origin/main'
2025-03-20 20:27:24.619 [info] > git rev-parse refs/remotes/origin/main [2ms]
2025-03-20 20:27:24.634 [info] > git status -z -uall [9ms]
2025-03-20 20:27:24.636 [info] > git for-each-ref --sort -committerdate --format %(refname) %(objectname) %(*objectname) [3ms]
2025-03-20 20:28:09.265 [info] > git config --get commit.template [8ms]
2025-03-20 20:28:09.283 [info] > git for-each-ref --format=%(refname)%00%(upstream:short)%00%(objectname)%00%(upstream:track)%00%(upstream:remotename)%00%(upstream:remoteref) refs/heads/main refs/remotes/main [9ms]
2025-03-20 20:28:09.302 [info] > git for-each-ref --sort -committerdate --format %(refname) %(objectname) %(*objectname) [5ms]
2025-03-20 20:28:09.321 [info] > git status -z -uall [31ms]
2025-03-20 20:28:36.650 [info] > git for-each-ref --format=%(refname)%00%(upstream:short)%00%(objectname)%00%(upstream:track)%00%(upstream:remotename)%00%(upstream:remoteref) refs/heads/main refs/remotes/main [34ms]
2025-03-20 20:28:36.650 [info] > git config --get commit.template [40ms]
2025-03-20 20:28:36.669 [info] > git for-each-ref --sort -committerdate --format %(refname) %(objectname) %(*objectname) [6ms]
2025-03-20 20:28:36.693 [info] > git status -z -uall [36ms]
2025-03-20 20:29:07.429 [info] > git config --get commit.template [7ms]
2025-03-20 20:29:07.431 [info] > git for-each-ref --format=%(refname)%00%(upstream:short)%00%(objectname)%00%(upstream:track)%00%(upstream:remotename)%00%(upstream:remoteref) refs/heads/main refs/remotes/main [3ms]
2025-03-20 20:29:07.437 [warning] [Git][revParse] Unable to read file: ENOENT: no such file or directory, open '/home/akshaycanodia/aidemy-bootstrap/.git/refs/remotes/origin/main'
2025-03-20 20:29:07.438 [info] > git rev-parse refs/remotes/origin/main [1ms]
2025-03-20 20:29:07.452 [info] > git status -z -uall [8ms]
2025-03-20 20:29:07.456 [info] > git for-each-ref --sort -committerdate --format %(refname) %(objectname) %(*objectname) [5ms]
2025-03-20 20:29:12.474 [info] > git config --get commit.template [7ms]
2025-03-20 20:29:12.476 [info] > git for-each-ref --format=%(refname)%00%(upstream:short)%00%(objectname)%00%(upstream:track)%00%(upstream:remotename)%00%(upstream:remoteref) refs/heads/main refs/remotes/main [2ms]
2025-03-20 20:29:12.481 [warning] [Git][revParse] Unable to read file: ENOENT: no such file or directory, open '/home/akshaycanodia/aidemy-bootstrap/.git/refs/remotes/origin/main'
2025-03-20 20:29:12.483 [info] > git rev-parse refs/remotes/origin/main [2ms]
2025-03-20 20:29:12.497 [info] > git status -z -uall [8ms]
2025-03-20 20:29:12.499 [info] > git for-each-ref --sort -committerdate --format %(refname) %(objectname) %(*objectname) [3ms]
2025-03-20 20:29:33.351 [info] > git show --textconv :planner/book.py [31ms]
2025-03-20 20:29:33.351 [info] > git ls-files --stage -- /home/akshaycanodia/aidemy-bootstrap/planner/book.py [26ms]
2025-03-20 20:29:33.359 [info] > git cat-file -s e26e4c494c1067063db3cd1e9fc2f72819fbbc4c [3ms]
2025-03-20 20:29:52.651 [info] > git for-each-ref --format=%(refname)%00%(upstream:short)%00%(objectname)%00%(upstream:track)%00%(upstream:remotename)%00%(upstream:remoteref) refs/heads/main refs/remotes/main [6ms]
2025-03-20 20:29:52.651 [info] > git config --get commit.template [12ms]
2025-03-20 20:29:52.668 [info] > git for-each-ref --sort -committerdate --format %(refname) %(objectname) %(*objectname) [3ms]
2025-03-20 20:29:52.688 [info] > git status -z -uall [31ms]
2025-03-20 20:29:57.725 [info] > git config --get commit.template [7ms]
2025-03-20 20:29:57.726 [info] > git for-each-ref --format=%(refname)%00%(upstream:short)%00%(objectname)%00%(upstream:track)%00%(upstream:remotename)%00%(upstream:remoteref) refs/heads/main refs/remotes/main [3ms]
2025-03-20 20:29:57.742 [info] > git for-each-ref --sort -committerdate --format %(refname) %(objectname) %(*objectname) [3ms]
2025-03-20 20:29:57.764 [info] > git status -z -uall [32ms]
2025-03-20 20:30:25.656 [info] > git config --get commit.template [7ms]
2025-03-20 20:30:25.657 [info] > git for-each-ref --format=%(refname)%00%(upstream:short)%00%(objectname)%00%(upstream:track)%00%(upstream:remotename)%00%(upstream:remoteref) refs/heads/main refs/remotes/main [2ms]
2025-03-20 20:30:25.672 [info] > git for-each-ref --sort -committerdate --format %(refname) %(objectname) %(*objectname) [3ms]
2025-03-20 20:30:25.692 [info] > git status -z -uall [30ms]
2025-03-20 20:31:39.684 [info] > git config --get commit.template [7ms]
2025-03-20 20:31:39.685 [info] > git for-each-ref --format=%(refname)%00%(upstream:short)%00%(objectname)%00%(upstream:track)%00%(upstream:remotename)%00%(upstream:remoteref) refs/heads/main refs/remotes/main [2ms]
2025-03-20 20:31:39.699 [info] > git for-each-ref --sort -committerdate --format %(refname) %(objectname) %(*objectname) [3ms]
2025-03-20 20:31:39.720 [info] > git status -z -uall [28ms]
2025-03-20 20:31:44.752 [info] > git config --get commit.template [6ms]
2025-03-20 20:31:44.753 [info] > git for-each-ref --format=%(refname)%00%(upstream:short)%00%(objectname)%00%(upstream:track)%00%(upstream:remotename)%00%(upstream:remoteref) refs/heads/main refs/remotes/main [2ms]
2025-03-20 20:31:44.767 [info] > git for-each-ref --sort -committerdate --format %(refname) %(objectname) %(*objectname) [2ms]
2025-03-20 20:31:44.787 [info] > git status -z -uall [29ms]
2025-03-20 20:32:01.654 [info] > git config --get commit.template [5ms]
2025-03-20 20:32:01.655 [info] > git for-each-ref --format=%(refname)%00%(upstream:short)%00%(objectname)%00%(upstream:track)%00%(upstream:remotename)%00%(upstream:remoteref) refs/heads/main refs/remotes/main [2ms]
2025-03-20 20:32:01.670 [info] > git for-each-ref --sort -committerdate --format %(refname) %(objectname) %(*objectname) [2ms]
2025-03-20 20:32:01.691 [info] > git status -z -uall [31ms]
2025-03-20 20:32:06.718 [info] > git config --get commit.template [6ms]
2025-03-20 20:32:06.719 [info] > git for-each-ref --format=%(refname)%00%(upstream:short)%00%(objectname)%00%(upstream:track)%00%(upstream:remotename)%00%(upstream:remoteref) refs/heads/main refs/remotes/main [2ms]
2025-03-20 20:32:06.732 [info] > git for-each-ref --sort -committerdate --format %(refname) %(objectname) %(*objectname) [2ms]
2025-03-20 20:32:06.753 [info] > git status -z -uall [29ms]
2025-03-20 20:32:11.776 [info] > git config --get commit.template [6ms]
2025-03-20 20:32:11.778 [info] > git for-each-ref --format=%(refname)%00%(upstream:short)%00%(objectname)%00%(upstream:track)%00%(upstream:remotename)%00%(upstream:remoteref) refs/heads/main refs/remotes/main [3ms]
2025-03-20 20:32:11.790 [info] > git for-each-ref --sort -committerdate --format %(refname) %(objectname) %(*objectname) [2ms]
2025-03-20 20:32:11.811 [info] > git status -z -uall [28ms]
2025-03-20 20:32:17.657 [info] > git config --get commit.template [6ms]
2025-03-20 20:32:17.659 [info] > git for-each-ref --format=%(refname)%00%(upstream:short)%00%(objectname)%00%(upstream:track)%00%(upstream:remotename)%00%(upstream:remoteref) refs/heads/main refs/remotes/main [3ms]
2025-03-20 20:32:17.673 [info] > git for-each-ref --sort -committerdate --format %(refname) %(objectname) %(*objectname) [2ms]
2025-03-20 20:32:17.696 [info] > git status -z -uall [31ms]
2025-03-20 20:32:26.949 [info] > git config --get commit.template [6ms]
2025-03-20 20:32:26.950 [info] > git for-each-ref --format=%(refname)%00%(upstream:short)%00%(objectname)%00%(upstream:track)%00%(upstream:remotename)%00%(upstream:remoteref) refs/heads/main refs/remotes/main [2ms]
2025-03-20 20:32:26.963 [info] > git for-each-ref --sort -committerdate --format %(refname) %(objectname) %(*objectname) [2ms]
2025-03-20 20:32:26.984 [info] > git status -z -uall [28ms]
2025-03-20 20:32:32.011 [info] > git config --get commit.template [7ms]
2025-03-20 20:32:32.012 [info] > git for-each-ref --format=%(refname)%00%(upstream:short)%00%(objectname)%00%(upstream:track)%00%(upstream:remotename)%00%(upstream:remoteref) refs/heads/main refs/remotes/main [2ms]
2025-03-20 20:32:32.025 [info] > git for-each-ref --sort -committerdate --format %(refname) %(objectname) %(*objectname) [2ms]
2025-03-20 20:32:32.046 [info] > git status -z -uall [29ms]
2025-03-20 20:32:37.072 [info] > git config --get commit.template [7ms]
2025-03-20 20:32:37.074 [info] > git for-each-ref --format=%(refname)%00%(upstream:short)%00%(objectname)%00%(upstream:track)%00%(upstream:remotename)%00%(upstream:remoteref) refs/heads/main refs/remotes/main [1ms]
2025-03-20 20:32:37.089 [info] > git for-each-ref --sort -committerdate --format %(refname) %(objectname) %(*objectname) [2ms]
2025-03-20 20:32:37.109 [info] > git status -z -uall [30ms]
2025-03-20 20:32:39.177 [info] > git config --get commit.template [9ms]
2025-03-20 20:32:39.179 [info] > git for-each-ref --format=%(refname)%00%(upstream:short)%00%(objectname)%00%(upstream:track)%00%(upstream:remotename)%00%(upstream:remoteref) refs/heads/main refs/remotes/main [3ms]
2025-03-20 20:32:39.185 [warning] [Git][revParse] Unable to read file: ENOENT: no such file or directory, open '/home/akshaycanodia/aidemy-bootstrap/.git/refs/remotes/origin/main'
2025-03-20 20:32:39.187 [info] > git rev-parse refs/remotes/origin/main [2ms]
2025-03-20 20:32:39.200 [info] > git status -z -uall [8ms]
2025-03-20 20:32:39.202 [info] > git for-each-ref --sort -committerdate --format %(refname) %(objectname) %(*objectname) [3ms]
2025-03-20 20:32:42.135 [info] > git config --get commit.template [7ms]
2025-03-20 20:32:42.137 [info] > git for-each-ref --format=%(refname)%00%(upstream:short)%00%(objectname)%00%(upstream:track)%00%(upstream:remotename)%00%(upstream:remoteref) refs/heads/main refs/remotes/main [3ms]
2025-03-20 20:32:42.155 [info] > git for-each-ref --sort -committerdate --format %(refname) %(objectname) %(*objectname) [3ms]
2025-03-20 20:32:42.174 [info] > git status -z -uall [30ms]
2025-03-20 20:32:44.218 [info] > git config --get commit.template [8ms]
2025-03-20 20:32:44.219 [info] > git for-each-ref --format=%(refname)%00%(upstream:short)%00%(objectname)%00%(upstream:track)%00%(upstream:remotename)%00%(upstream:remoteref) refs/heads/main refs/remotes/main [2ms]
2025-03-20 20:32:44.226 [warning] [Git][revParse] Unable to read file: ENOENT: no such file or directory, open '/home/akshaycanodia/aidemy-bootstrap/.git/refs/remotes/origin/main'
2025-03-20 20:32:44.227 [info] > git rev-parse refs/remotes/origin/main [2ms]
2025-03-20 20:32:44.241 [info] > git status -z -uall [7ms]
2025-03-20 20:32:44.243 [info] > git for-each-ref --sort -committerdate --format %(refname) %(objectname) %(*objectname) [3ms]
2025-03-20 20:32:47.199 [info] > git config --get commit.template [7ms]
2025-03-20 20:32:47.201 [info] > git for-each-ref --format=%(refname)%00%(upstream:short)%00%(objectname)%00%(upstream:track)%00%(upstream:remotename)%00%(upstream:remoteref) refs/heads/main refs/remotes/main [3ms]
2025-03-20 20:32:47.217 [info] > git for-each-ref --sort -committerdate --format %(refname) %(objectname) %(*objectname) [2ms]
2025-03-20 20:32:47.240 [info] > git status -z -uall [32ms]
2025-03-20 20:32:52.268 [info] > git config --get commit.template [8ms]
2025-03-20 20:32:52.269 [info] > git for-each-ref --format=%(refname)%00%(upstream:short)%00%(objectname)%00%(upstream:track)%00%(upstream:remotename)%00%(upstream:remoteref) refs/heads/main refs/remotes/main [2ms]
2025-03-20 20:32:52.296 [info] > git for-each-ref --sort -committerdate --format %(refname) %(objectname) %(*objectname) [3ms]
2025-03-20 20:32:52.316 [info] > git status -z -uall [31ms]
2025-03-20 20:32:57.347 [info] > git config --get commit.template [7ms]
2025-03-20 20:32:57.349 [info] > git for-each-ref --format=%(refname)%00%(upstream:short)%00%(objectname)%00%(upstream:track)%00%(upstream:remotename)%00%(upstream:remoteref) refs/heads/main refs/remotes/main [1ms]
2025-03-20 20:32:57.368 [info] > git for-each-ref --sort -committerdate --format %(refname) %(objectname) %(*objectname) [2ms]
2025-03-20 20:32:57.388 [info] > git status -z -uall [28ms]
2025-03-20 20:33:02.411 [info] > git config --get commit.template [7ms]
2025-03-20 20:33:02.412 [info] > git for-each-ref --format=%(refname)%00%(upstream:short)%00%(objectname)%00%(upstream:track)%00%(upstream:remotename)%00%(upstream:remoteref) refs/heads/main refs/remotes/main [2ms]
2025-03-20 20:33:02.429 [info] > git for-each-ref --sort -committerdate --format %(refname) %(objectname) %(*objectname) [2ms]
2025-03-20 20:33:02.449 [info] > git status -z -uall [28ms]
2025-03-20 20:33:07.473 [info] > git config --get commit.template [6ms]
2025-03-20 20:33:07.475 [info] > git for-each-ref --format=%(refname)%00%(upstream:short)%00%(objectname)%00%(upstream:track)%00%(upstream:remotename)%00%(upstream:remoteref) refs/heads/main refs/remotes/main [2ms]
2025-03-20 20:33:07.499 [info] > git for-each-ref --sort -committerdate --format %(refname) %(objectname) %(*objectname) [3ms]
2025-03-20 20:33:07.525 [info] > git status -z -uall [35ms]
2025-03-20 20:34:02.125 [info] > git config --get commit.template [2ms]
2025-03-20 20:34:02.133 [info] > git for-each-ref --format=%(refname)%00%(upstream:short)%00%(objectname)%00%(upstream:track)%00%(upstream:remotename)%00%(upstream:remoteref) refs/heads/main refs/remotes/main [2ms]
2025-03-20 20:34:02.148 [info] > git for-each-ref --sort -committerdate --format %(refname) %(objectname) %(*objectname) [2ms]
2025-03-20 20:34:02.169 [info] > git status -z -uall [29ms]
2025-03-20 20:34:07.198 [info] > git config --get commit.template [7ms]
2025-03-20 20:34:07.199 [info] > git for-each-ref --format=%(refname)%00%(upstream:short)%00%(objectname)%00%(upstream:track)%00%(upstream:remotename)%00%(upstream:remoteref) refs/heads/main refs/remotes/main [2ms]
2025-03-20 20:34:07.214 [info] > git for-each-ref --sort -committerdate --format %(refname) %(objectname) %(*objectname) [2ms]
2025-03-20 20:34:07.234 [info] > git status -z -uall [28ms]
2025-03-20 20:34:32.396 [info] > git config --get commit.template [8ms]
2025-03-20 20:34:32.408 [info] > git config --get commit.template [13ms]
2025-03-20 20:34:32.409 [info] > git for-each-ref --format=%(refname)%00%(upstream:short)%00%(objectname)%00%(upstream:track)%00%(upstream:remotename)%00%(upstream:remoteref) refs/heads/main refs/remotes/main [6ms]
2025-03-20 20:34:32.414 [warning] [Git][revParse] Unable to read file: ENOENT: no such file or directory, open '/home/akshaycanodia/aidemy-bootstrap/.git/refs/remotes/origin/main'
2025-03-20 20:34:32.415 [info] > git for-each-ref --format=%(refname)%00%(upstream:short)%00%(objectname)%00%(upstream:track)%00%(upstream:remotename)%00%(upstream:remoteref) refs/heads/main refs/remotes/main [8ms]
2025-03-20 20:34:32.431 [info] > git rev-parse refs/remotes/origin/main [17ms]
2025-03-20 20:34:32.447 [info] > git status -z -uall [8ms]
2025-03-20 20:34:32.448 [info] > git for-each-ref --sort -committerdate --format %(refname) %(objectname) %(*objectname) [18ms]
2025-03-20 20:34:32.449 [info] > git for-each-ref --sort -committerdate --format %(refname) %(objectname) %(*objectname) [3ms]
2025-03-20 20:34:32.459 [info] > git status -z -uall [38ms]
2025-03-20 20:34:37.486 [info] > git config --get commit.template [7ms]
2025-03-20 20:34:37.487 [info] > git for-each-ref --format=%(refname)%00%(upstream:short)%00%(objectname)%00%(upstream:track)%00%(upstream:remotename)%00%(upstream:remoteref) refs/heads/main refs/remotes/main [2ms]
2025-03-20 20:34:37.502 [info] > git for-each-ref --sort -committerdate --format %(refname) %(objectname) %(*objectname) [2ms]
2025-03-20 20:34:37.523 [info] > git status -z -uall [29ms]
2025-03-20 20:34:53.945 [info] > git config --get commit.template [8ms]
2025-03-20 20:34:53.946 [info] > git for-each-ref --format=%(refname)%00%(upstream:short)%00%(objectname)%00%(upstream:track)%00%(upstream:remotename)%00%(upstream:remoteref) refs/heads/main refs/remotes/main [2ms]
2025-03-20 20:34:53.962 [info] > git for-each-ref --sort -committerdate --format %(refname) %(objectname) %(*objectname) [3ms]
2025-03-20 20:34:53.983 [info] > git status -z -uall [31ms]
2025-03-20 20:38:54.698 [info] > git config --get commit.template [7ms]
2025-03-20 20:38:54.699 [info] > git for-each-ref --format=%(refname)%00%(upstream:short)%00%(objectname)%00%(upstream:track)%00%(upstream:remotename)%00%(upstream:remoteref) refs/heads/main refs/remotes/main [2ms]
2025-03-20 20:38:54.713 [info] > git for-each-ref --sort -committerdate --format %(refname) %(objectname) %(*objectname) [3ms]
2025-03-20 20:38:54.736 [info] > git status -z -uall [31ms]
2025-03-20 20:38:58.450 [info] > git config --get commit.template [7ms]
2025-03-20 20:38:58.451 [info] > git for-each-ref --format=%(refname)%00%(upstream:short)%00%(objectname)%00%(upstream:track)%00%(upstream:remotename)%00%(upstream:remoteref) refs/heads/main refs/remotes/main [2ms]
2025-03-20 20:38:58.457 [warning] [Git][revParse] Unable to read file: ENOENT: no such file or directory, open '/home/akshaycanodia/aidemy-bootstrap/.git/refs/remotes/origin/main'
2025-03-20 20:38:58.459 [info] > git rev-parse refs/remotes/origin/main [2ms]
2025-03-20 20:38:58.472 [info] > git status -z -uall [7ms]
2025-03-20 20:38:58.474 [info] > git for-each-ref --sort -committerdate --format %(refname) %(objectname) %(*objectname) [3ms]
2025-03-20 20:38:58.582 [info] > git ls-files --stage -- /home/akshaycanodia/aidemy-bootstrap/planner/book.py [2ms]
2025-03-20 20:38:58.590 [info] > git cat-file -s e26e4c494c1067063db3cd1e9fc2f72819fbbc4c [2ms]
2025-03-20 20:38:58.637 [info] > git show --textconv :planner/book.py [2ms]
2025-03-20 20:38:59.763 [info] > git config --get commit.template [7ms]
2025-03-20 20:38:59.764 [info] > git for-each-ref --format=%(refname)%00%(upstream:short)%00%(objectname)%00%(upstream:track)%00%(upstream:remotename)%00%(upstream:remoteref) refs/heads/main refs/remotes/main [2ms]
2025-03-20 20:38:59.782 [info] > git for-each-ref --sort -committerdate --format %(refname) %(objectname) %(*objectname) [3ms]
2025-03-20 20:38:59.812 [info] > git status -z -uall [42ms]
2025-03-20 20:39:04.844 [info] > git config --get commit.template [6ms]
2025-03-20 20:39:04.845 [info] > git for-each-ref --format=%(refname)%00%(upstream:short)%00%(objectname)%00%(upstream:track)%00%(upstream:remotename)%00%(upstream:remoteref) refs/heads/main refs/remotes/main [2ms]
2025-03-20 20:39:04.859 [info] > git for-each-ref --sort -committerdate --format %(refname) %(objectname) %(*objectname) [2ms]
2025-03-20 20:39:04.880 [info] > git status -z -uall [29ms]
2025-03-20 20:39:09.006 [info] > git config --get commit.template [6ms]
2025-03-20 20:39:09.008 [info] > git for-each-ref --format=%(refname)%00%(upstream:short)%00%(objectname)%00%(upstream:track)%00%(upstream:remotename)%00%(upstream:remoteref) refs/heads/main refs/remotes/main [3ms]
2025-03-20 20:39:09.013 [warning] [Git][revParse] Unable to read file: ENOENT: no such file or directory, open '/home/akshaycanodia/aidemy-bootstrap/.git/refs/remotes/origin/main'
2025-03-20 20:39:09.015 [info] > git rev-parse refs/remotes/origin/main [2ms]
2025-03-20 20:39:09.027 [info] > git status -z -uall [7ms]
2025-03-20 20:39:09.028 [info] > git for-each-ref --sort -committerdate --format %(refname) %(objectname) %(*objectname) [2ms]
2025-03-20 20:39:09.137 [info] > git ls-files --stage -- /home/akshaycanodia/aidemy-bootstrap/planner/book.py [1ms]
2025-03-20 20:39:09.145 [info] > git cat-file -s 76bef8001e588a2e7466d5314ef640308afcf6e4 [2ms]
2025-03-20 20:39:09.189 [info] > git show --textconv :planner/book.py [2ms]
2025-03-20 20:39:09.903 [info] > git config --get commit.template [7ms]
2025-03-20 20:39:09.904 [info] > git for-each-ref --format=%(refname)%00%(upstream:short)%00%(objectname)%00%(upstream:track)%00%(upstream:remotename)%00%(upstream:remoteref) refs/heads/main refs/remotes/main [2ms]
2025-03-20 20:39:09.917 [info] > git for-each-ref --sort -committerdate --format %(refname) %(objectname) %(*objectname) [2ms]
2025-03-20 20:39:09.938 [info] > git status -z -uall [29ms]
2025-03-20 20:39:16.159 [info] > git config --get commit.template [6ms]
2025-03-20 20:39:16.160 [info] > git for-each-ref --format=%(refname)%00%(upstream:short)%00%(objectname)%00%(upstream:track)%00%(upstream:remotename)%00%(upstream:remoteref) refs/heads/main refs/remotes/main [3ms]
2025-03-20 20:39:16.166 [warning] [Git][revParse] Unable to read file: ENOENT: no such file or directory, open '/home/akshaycanodia/aidemy-bootstrap/.git/refs/remotes/origin/main'
2025-03-20 20:39:16.168 [info] > git rev-parse refs/remotes/origin/main [2ms]
2025-03-20 20:39:16.182 [info] > git status -z -uall [8ms]
2025-03-20 20:39:16.185 [info] > git for-each-ref --sort -committerdate --format %(refname) %(objectname) %(*objectname) [4ms]
2025-03-20 20:39:16.197 [info] > git merge-base refs/heads/main refs/remotes/origin/main [2ms]
2025-03-20 20:39:16.205 [info] > git diff --name-status -z --diff-filter=ADMR aae3ba878f597bb4ef79fe6499a2527c47aa3c7f...refs/remotes/origin/main [2ms]
2025-03-20 20:39:16.301 [info] > git ls-files --stage -- /home/akshaycanodia/aidemy-bootstrap/planner/book.py [1ms]
2025-03-20 20:39:16.309 [info] > git cat-file -s 76bef8001e588a2e7466d5314ef640308afcf6e4 [2ms]
2025-03-20 20:39:16.356 [info] > git show --textconv :planner/book.py [2ms]
2025-03-20 20:39:18.289 [info] > git config --get commit.template [2ms]
2025-03-20 20:39:18.296 [info] > git for-each-ref --format=%(refname)%00%(upstream:short)%00%(objectname)%00%(upstream:track)%00%(upstream:remotename)%00%(upstream:remoteref) refs/heads/main refs/remotes/main [2ms]
2025-03-20 20:39:18.310 [info] > git for-each-ref --sort -committerdate --format %(refname) %(objectname) %(*objectname) [3ms]
2025-03-20 20:39:18.330 [info] > git status -z -uall [28ms]
2025-03-20 20:39:25.657 [info] > git config --get commit.template [6ms]
2025-03-20 20:39:25.658 [info] > git for-each-ref --format=%(refname)%00%(upstream:short)%00%(objectname)%00%(upstream:track)%00%(upstream:remotename)%00%(upstream:remoteref) refs/heads/main refs/remotes/main [2ms]
2025-03-20 20:39:25.672 [info] > git for-each-ref --sort -committerdate --format %(refname) %(objectname) %(*objectname) [2ms]
2025-03-20 20:39:25.693 [info] > git status -z -uall [29ms]
2025-03-20 20:39:30.721 [info] > git config --get commit.template [6ms]
2025-03-20 20:39:30.723 [info] > git for-each-ref --format=%(refname)%00%(upstream:short)%00%(objectname)%00%(upstream:track)%00%(upstream:remotename)%00%(upstream:remoteref) refs/heads/main refs/remotes/main [2ms]
2025-03-20 20:39:30.740 [info] > git for-each-ref --sort -committerdate --format %(refname) %(objectname) %(*objectname) [3ms]
2025-03-20 20:39:30.759 [info] > git status -z -uall [28ms]
2025-03-20 20:39:37.414 [info] > git config --get commit.template [6ms]
2025-03-20 20:39:37.415 [info] > git for-each-ref --format=%(refname)%00%(upstream:short)%00%(objectname)%00%(upstream:track)%00%(upstream:remotename)%00%(upstream:remoteref) refs/heads/main refs/remotes/main [2ms]
2025-03-20 20:39:37.429 [info] > git for-each-ref --sort -committerdate --format %(refname) %(objectname) %(*objectname) [2ms]
2025-03-20 20:39:37.452 [info] > git status -z -uall [31ms]
2025-03-20 20:39:42.481 [info] > git config --get commit.template [8ms]
2025-03-20 20:39:42.482 [info] > git for-each-ref --format=%(refname)%00%(upstream:short)%00%(objectname)%00%(upstream:track)%00%(upstream:remotename)%00%(upstream:remoteref) refs/heads/main refs/remotes/main [2ms]
2025-03-20 20:39:42.498 [info] > git for-each-ref --sort -committerdate --format %(refname) %(objectname) %(*objectname) [2ms]
2025-03-20 20:39:42.518 [info] > git status -z -uall [29ms]
2025-03-20 20:39:47.546 [info] > git config --get commit.template [7ms]
2025-03-20 20:39:47.548 [info] > git for-each-ref --format=%(refname)%00%(upstream:short)%00%(objectname)%00%(upstream:track)%00%(upstream:remotename)%00%(upstream:remoteref) refs/heads/main refs/remotes/main [2ms]
2025-03-20 20:39:47.572 [info] > git for-each-ref --sort -committerdate --format %(refname) %(objectname) %(*objectname) [2ms]
2025-03-20 20:39:47.592 [info] > git status -z -uall [31ms]
2025-03-20 20:39:51.052 [info] > git ls-files --stage -- /home/akshaycanodia/aidemy-bootstrap/planner/book.py [2ms]
2025-03-20 20:39:51.060 [info] > git cat-file -s 76bef8001e588a2e7466d5314ef640308afcf6e4 [2ms]
2025-03-20 20:39:51.108 [info] > git show --textconv :planner/book.py [2ms]
2025-03-20 20:39:53.277 [info] > git config --get commit.template [7ms]
2025-03-20 20:39:53.278 [info] > git for-each-ref --format=%(refname)%00%(upstream:short)%00%(objectname)%00%(upstream:track)%00%(upstream:remotename)%00%(upstream:remoteref) refs/heads/main refs/remotes/main [2ms]
2025-03-20 20:39:53.294 [info] > git for-each-ref --sort -committerdate --format %(refname) %(objectname) %(*objectname) [2ms]
2025-03-20 20:39:53.310 [info] > git status -z -uall [25ms]
2025-03-20 20:39:58.334 [info] > git config --get commit.template [7ms]
2025-03-20 20:39:58.336 [info] > git for-each-ref --format=%(refname)%00%(upstream:short)%00%(objectname)%00%(upstream:track)%00%(upstream:remotename)%00%(upstream:remoteref) refs/heads/main refs/remotes/main [2ms]
2025-03-20 20:39:58.351 [info] > git for-each-ref --sort -committerdate --format %(refname) %(objectname) %(*objectname) [2ms]
2025-03-20 20:39:58.366 [info] > git status -z -uall [24ms]
2025-03-20 20:40:03.391 [info] > git config --get commit.template [7ms]
2025-03-20 20:40:03.393 [info] > git for-each-ref --format=%(refname)%00%(upstream:short)%00%(objectname)%00%(upstream:track)%00%(upstream:remotename)%00%(upstream:remoteref) refs/heads/main refs/remotes/main [3ms]
2025-03-20 20:40:03.414 [info] > git for-each-ref --sort -committerdate --format %(refname) %(objectname) %(*objectname) [3ms]
2025-03-20 20:40:03.427 [info] > git status -z -uall [23ms]
2025-03-20 20:40:08.451 [info] > git config --get commit.template [8ms]
2025-03-20 20:40:08.453 [info] > git for-each-ref --format=%(refname)%00%(upstream:short)%00%(objectname)%00%(upstream:track)%00%(upstream:remotename)%00%(upstream:remoteref) refs/heads/main refs/remotes/main [2ms]
2025-03-20 20:40:08.473 [info] > git for-each-ref --sort -committerdate --format %(refname) %(objectname) %(*objectname) [2ms]
2025-03-20 20:40:08.491 [info] > git status -z -uall [27ms]
2025-03-20 20:40:13.521 [info] > git config --get commit.template [10ms]
2025-03-20 20:40:13.522 [info] > git for-each-ref --format=%(refname)%00%(upstream:short)%00%(objectname)%00%(upstream:track)%00%(upstream:remotename)%00%(upstream:remoteref) refs/heads/main refs/remotes/main [2ms]
2025-03-20 20:40:13.546 [info] > git for-each-ref --sort -committerdate --format %(refname) %(objectname) %(*objectname) [3ms]
2025-03-20 20:40:13.563 [info] > git status -z -uall [30ms]
2025-03-20 20:40:17.524 [info] > git ls-files --stage -- /home/akshaycanodia/aidemy-bootstrap/planner/book.py [1ms]
2025-03-20 20:40:17.533 [info] > git cat-file -s 76bef8001e588a2e7466d5314ef640308afcf6e4 [2ms]
2025-03-20 20:40:18.467 [info] > git show --textconv :planner/book.py [2ms]
2025-03-20 20:40:18.595 [info] > git config --get commit.template [8ms]
2025-03-20 20:40:18.596 [info] > git for-each-ref --format=%(refname)%00%(upstream:short)%00%(objectname)%00%(upstream:track)%00%(upstream:remotename)%00%(upstream:remoteref) refs/heads/main refs/remotes/main [2ms]
2025-03-20 20:40:18.612 [info] > git for-each-ref --sort -committerdate --format %(refname) %(objectname) %(*objectname) [2ms]
2025-03-20 20:40:18.644 [info] > git status -z -uall [41ms]
2025-03-20 20:40:23.673 [info] > git config --get commit.template [7ms]
2025-03-20 20:40:23.674 [info] > git for-each-ref --format=%(refname)%00%(upstream:short)%00%(objectname)%00%(upstream:track)%00%(upstream:remotename)%00%(upstream:remoteref) refs/heads/main refs/remotes/main [2ms]
2025-03-20 20:40:23.694 [info] > git for-each-ref --sort -committerdate --format %(refname) %(objectname) %(*objectname) [2ms]
2025-03-20 20:40:23.721 [info] > git status -z -uall [35ms]
2025-03-20 20:40:28.748 [info] > git config --get commit.template [7ms]
2025-03-20 20:40:28.749 [info] > git for-each-ref --format=%(refname)%00%(upstream:short)%00%(objectname)%00%(upstream:track)%00%(upstream:remotename)%00%(upstream:remoteref) refs/heads/main refs/remotes/main [2ms]
2025-03-20 20:40:28.786 [info] > git for-each-ref --sort -committerdate --format %(refname) %(objectname) %(*objectname) [2ms]
2025-03-20 20:40:28.812 [info] > git status -z -uall [35ms]
2025-03-20 20:40:33.838 [info] > git config --get commit.template [7ms]
2025-03-20 20:40:33.839 [info] > git for-each-ref --format=%(refname)%00%(upstream:short)%00%(objectname)%00%(upstream:track)%00%(upstream:remotename)%00%(upstream:remoteref) refs/heads/main refs/remotes/main [2ms]
2025-03-20 20:40:33.863 [info] > git for-each-ref --sort -committerdate --format %(refname) %(objectname) %(*objectname) [2ms]
2025-03-20 20:40:33.890 [info] > git status -z -uall [36ms]
2025-03-20 20:40:37.108 [info] > git ls-files --stage -- /home/akshaycanodia/aidemy-bootstrap/planner/book.py [2ms]
2025-03-20 20:40:37.116 [info] > git cat-file -s 76bef8001e588a2e7466d5314ef640308afcf6e4 [2ms]
2025-03-20 20:40:37.162 [info] > git show --textconv :planner/book.py [3ms]
2025-03-20 20:40:38.914 [info] > git config --get commit.template [7ms]
2025-03-20 20:40:38.916 [info] > git for-each-ref --format=%(refname)%00%(upstream:short)%00%(objectname)%00%(upstream:track)%00%(upstream:remotename)%00%(upstream:remoteref) refs/heads/main refs/remotes/main [2ms]
2025-03-20 20:40:38.942 [info] > git for-each-ref --sort -committerdate --format %(refname) %(objectname) %(*objectname) [2ms]
2025-03-20 20:40:38.965 [info] > git status -z -uall [34ms]
2025-03-20 20:40:43.992 [info] > git config --get commit.template [7ms]
2025-03-20 20:40:43.993 [info] > git for-each-ref --format=%(refname)%00%(upstream:short)%00%(objectname)%00%(upstream:track)%00%(upstream:remotename)%00%(upstream:remoteref) refs/heads/main refs/remotes/main [2ms]
2025-03-20 20:40:44.016 [info] > git for-each-ref --sort -committerdate --format %(refname) %(objectname) %(*objectname) [2ms]
2025-03-20 20:40:44.039 [info] > git status -z -uall [34ms]
2025-03-20 20:40:49.401 [info] > git ls-files --stage -- /home/akshaycanodia/aidemy-bootstrap/planner/book.py [2ms]
2025-03-20 20:40:49.410 [info] > git cat-file -s 76bef8001e588a2e7466d5314ef640308afcf6e4 [2ms]
2025-03-20 20:40:49.886 [info] > git show --textconv :planner/book.py [2ms]
2025-03-20 20:40:50.353 [info] > git config --get commit.template [7ms]
2025-03-20 20:40:50.355 [info] > git for-each-ref --format=%(refname)%00%(upstream:short)%00%(objectname)%00%(upstream:track)%00%(upstream:remotename)%00%(upstream:remoteref) refs/heads/main refs/remotes/main [3ms]
2025-03-20 20:40:50.371 [info] > git for-each-ref --sort -committerdate --format %(refname) %(objectname) %(*objectname) [3ms]
2025-03-20 20:40:50.394 [info] > git status -z -uall [32ms]
2025-03-20 20:40:55.419 [info] > git config --get commit.template [8ms]
2025-03-20 20:40:55.420 [info] > git for-each-ref --format=%(refname)%00%(upstream:short)%00%(objectname)%00%(upstream:track)%00%(upstream:remotename)%00%(upstream:remoteref) refs/heads/main refs/remotes/main [2ms]
2025-03-20 20:40:55.437 [info] > git for-each-ref --sort -committerdate --format %(refname) %(objectname) %(*objectname) [3ms]
2025-03-20 20:40:55.459 [info] > git status -z -uall [31ms]
2025-03-20 20:41:29.474 [info] > git config --get commit.template [8ms]
2025-03-20 20:41:29.475 [info] > git for-each-ref --format=%(refname)%00%(upstream:short)%00%(objectname)%00%(upstream:track)%00%(upstream:remotename)%00%(upstream:remoteref) refs/heads/main refs/remotes/main [1ms]
2025-03-20 20:41:29.491 [info] > git for-each-ref --sort -committerdate --format %(refname) %(objectname) %(*objectname) [3ms]
2025-03-20 20:41:29.517 [info] > git status -z -uall [35ms]
2025-03-20 20:41:34.549 [info] > git config --get commit.template [9ms]
2025-03-20 20:41:34.550 [info] > git for-each-ref --format=%(refname)%00%(upstream:short)%00%(objectname)%00%(upstream:track)%00%(upstream:remotename)%00%(upstream:remoteref) refs/heads/main refs/remotes/main [2ms]
2025-03-20 20:41:34.567 [info] > git for-each-ref --sort -committerdate --format %(refname) %(objectname) %(*objectname) [2ms]
2025-03-20 20:41:34.591 [info] > git status -z -uall [33ms]
2025-03-20 20:41:39.619 [info] > git config --get commit.template [8ms]
2025-03-20 20:41:39.620 [info] > git for-each-ref --format=%(refname)%00%(upstream:short)%00%(objectname)%00%(upstream:track)%00%(upstream:remotename)%00%(upstream:remoteref) refs/heads/main refs/remotes/main [2ms]
2025-03-20 20:41:39.638 [info] > git for-each-ref --sort -committerdate --format %(refname) %(objectname) %(*objectname) [4ms]
2025-03-20 20:41:39.662 [info] > git status -z -uall [35ms]
2025-03-20 20:41:44.690 [info] > git config --get commit.template [8ms]
2025-03-20 20:41:44.691 [info] > git for-each-ref --format=%(refname)%00%(upstream:short)%00%(objectname)%00%(upstream:track)%00%(upstream:remotename)%00%(upstream:remoteref) refs/heads/main refs/remotes/main [2ms]
2025-03-20 20:41:44.709 [info] > git for-each-ref --sort -committerdate --format %(refname) %(objectname) %(*objectname) [3ms]
2025-03-20 20:41:44.730 [info] > git status -z -uall [31ms]
2025-03-20 20:41:49.755 [info] > git config --get commit.template [8ms]
2025-03-20 20:41:49.756 [info] > git for-each-ref --format=%(refname)%00%(upstream:short)%00%(objectname)%00%(upstream:track)%00%(upstream:remotename)%00%(upstream:remoteref) refs/heads/main refs/remotes/main [2ms]
2025-03-20 20:41:49.774 [info] > git for-each-ref --sort -committerdate --format %(refname) %(objectname) %(*objectname) [3ms]
2025-03-20 20:41:49.810 [info] > git status -z -uall [47ms]
2025-03-20 20:41:54.842 [info] > git config --get commit.template [8ms]
2025-03-20 20:41:54.843 [info] > git for-each-ref --format=%(refname)%00%(upstream:short)%00%(objectname)%00%(upstream:track)%00%(upstream:remotename)%00%(upstream:remoteref) refs/heads/main refs/remotes/main [2ms]
2025-03-20 20:41:54.859 [info] > git for-each-ref --sort -committerdate --format %(refname) %(objectname) %(*objectname) [2ms]
2025-03-20 20:41:54.884 [info] > git status -z -uall [34ms]
2025-03-20 20:41:59.911 [info] > git config --get commit.template [6ms]
2025-03-20 20:41:59.912 [info] > git for-each-ref --format=%(refname)%00%(upstream:short)%00%(objectname)%00%(upstream:track)%00%(upstream:remotename)%00%(upstream:remoteref) refs/heads/main refs/remotes/main [2ms]
2025-03-20 20:41:59.926 [info] > git for-each-ref --sort -committerdate --format %(refname) %(objectname) %(*objectname) [2ms]
2025-03-20 20:41:59.950 [info] > git status -z -uall [32ms]
2025-03-20 20:42:04.925 [info] > git ls-files --stage -- /home/akshaycanodia/aidemy-bootstrap/planner/book.py [2ms]
2025-03-20 20:42:04.976 [info] > git config --get commit.template [8ms]
2025-03-20 20:42:04.982 [info] > git show --textconv :planner/book.py [7ms]
2025-03-20 20:42:04.983 [info] > git for-each-ref --format=%(refname)%00%(upstream:short)%00%(objectname)%00%(upstream:track)%00%(upstream:remotename)%00%(upstream:remoteref) refs/heads/main refs/remotes/main [2ms]
2025-03-20 20:42:04.998 [info] > git for-each-ref --sort -committerdate --format %(refname) %(objectname) %(*objectname) [2ms]
2025-03-20 20:42:05.023 [info] > git status -z -uall [33ms]
